  [1m[36m (4.4ms)[0m  [1mCREATE TABLE "schema_migrations" ("version" varchar NOT NULL) [0m
  [1m[35m (0.1ms)[0m  select sqlite_version(*)
  [1m[36m (2.9ms)[0m  [1mCREATE UNIQUE INDEX "unique_schema_migrations" ON "schema_migrations" ("version")[0m
  [1m[35mActiveRecord::SchemaMigration Load (0.4ms)[0m  SELECT "schema_migrations".* FROM "schema_migrations"
Migrating to CreateBlogs (20200604081908)
  [1m[36m (0.1ms)[0m  [1mbegin transaction[0m
  [1m[35m (2.0ms)[0m  CREATE TABLE "blogs" ("id" INTEGER PRIMARY KEY AUTOINCREMENT NOT NULL, "name" varchar, "description" varchar, "created_at" datetime NOT NULL, "updated_at" datetime NOT NULL) 
  [1m[36mSQL (2.0ms)[0m  [1mINSERT INTO "schema_migrations" ("version") VALUES (?)[0m  [["version", "20200604081908"]]
  [1m[35m (3.4ms)[0m  commit transaction
Migrating to CreateUsers (20200604082032)
  [1m[36m (0.1ms)[0m  [1mbegin transaction[0m
  [1m[35m (2.7ms)[0m  CREATE TABLE "users" ("id" INTEGER PRIMARY KEY AUTOINCREMENT NOT NULL, "first_name" varchar, "last_name" varchar, "email" varchar, "created_at" datetime NOT NULL, "updated_at" datetime NOT NULL) 
  [1m[36mSQL (1.6ms)[0m  [1mINSERT INTO "schema_migrations" ("version") VALUES (?)[0m  [["version", "20200604082032"]]
  [1m[35m (3.7ms)[0m  commit transaction
Migrating to CreatePosts (20200604082132)
  [1m[36m (0.1ms)[0m  [1mbegin transaction[0m
  [1m[35m (7.4ms)[0m  CREATE TABLE "posts" ("id" INTEGER PRIMARY KEY AUTOINCREMENT NOT NULL, "title" varchar, "content" varchar, "blog_id" integer, "user_id" integer, "created_at" datetime NOT NULL, "updated_at" datetime NOT NULL) 
  [1m[36m (0.1ms)[0m  [1mCREATE  INDEX "index_posts_on_blog_id" ON "posts" ("blog_id")[0m
  [1m[35m (0.1ms)[0m              SELECT sql
            FROM sqlite_master
            WHERE name='index_posts_on_blog_id' AND type='index'
            UNION ALL
            SELECT sql
            FROM sqlite_temp_master
            WHERE name='index_posts_on_blog_id' AND type='index'

  [1m[36m (0.1ms)[0m  [1mCREATE  INDEX "index_posts_on_user_id" ON "posts" ("user_id")[0m
  [1m[35mSQL (1.4ms)[0m  INSERT INTO "schema_migrations" ("version") VALUES (?)  [["version", "20200604082132"]]
  [1m[36m (4.5ms)[0m  [1mcommit transaction[0m
Migrating to CreateMessages (20200604082227)
  [1m[35m (0.1ms)[0m  begin transaction
  [1m[36m (3.1ms)[0m  [1mCREATE TABLE "messages" ("id" INTEGER PRIMARY KEY AUTOINCREMENT NOT NULL, "author" varchar, "message" varchar, "post_id" integer, "user_id" integer, "created_at" datetime NOT NULL, "updated_at" datetime NOT NULL) [0m
  [1m[35m (0.1ms)[0m  CREATE  INDEX "index_messages_on_post_id" ON "messages" ("post_id")
  [1m[36m (0.1ms)[0m  [1m            SELECT sql
            FROM sqlite_master
            WHERE name='index_messages_on_post_id' AND type='index'
            UNION ALL
            SELECT sql
            FROM sqlite_temp_master
            WHERE name='index_messages_on_post_id' AND type='index'
[0m
  [1m[35m (0.2ms)[0m  CREATE  INDEX "index_messages_on_user_id" ON "messages" ("user_id")
  [1m[36mSQL (1.3ms)[0m  [1mINSERT INTO "schema_migrations" ("version") VALUES (?)[0m  [["version", "20200604082227"]]
  [1m[35m (3.2ms)[0m  commit transaction
Migrating to CreateOwners (20200604082302)
  [1m[36m (0.1ms)[0m  [1mbegin transaction[0m
  [1m[35m (7.5ms)[0m  CREATE TABLE "owners" ("id" INTEGER PRIMARY KEY AUTOINCREMENT NOT NULL, "user_id" integer, "blog_id" integer, "created_at" datetime NOT NULL, "updated_at" datetime NOT NULL) 
  [1m[36m (0.1ms)[0m  [1mCREATE  INDEX "index_owners_on_user_id" ON "owners" ("user_id")[0m
  [1m[35m (0.2ms)[0m              SELECT sql
            FROM sqlite_master
            WHERE name='index_owners_on_user_id' AND type='index'
            UNION ALL
            SELECT sql
            FROM sqlite_temp_master
            WHERE name='index_owners_on_user_id' AND type='index'

  [1m[36m (0.1ms)[0m  [1mCREATE  INDEX "index_owners_on_blog_id" ON "owners" ("blog_id")[0m
  [1m[35mSQL (1.6ms)[0m  INSERT INTO "schema_migrations" ("version") VALUES (?)  [["version", "20200604082302"]]
  [1m[36m (6.7ms)[0m  [1mcommit transaction[0m
  [1m[35mActiveRecord::SchemaMigration Load (0.5ms)[0m  SELECT "schema_migrations".* FROM "schema_migrations"
  [1m[36m (0.5ms)[0m  [1m            SELECT sql
            FROM sqlite_master
            WHERE name='index_messages_on_user_id' AND type='index'
            UNION ALL
            SELECT sql
            FROM sqlite_temp_master
            WHERE name='index_messages_on_user_id' AND type='index'
[0m
  [1m[35m (0.1ms)[0m              SELECT sql
            FROM sqlite_master
            WHERE name='index_messages_on_post_id' AND type='index'
            UNION ALL
            SELECT sql
            FROM sqlite_temp_master
            WHERE name='index_messages_on_post_id' AND type='index'

  [1m[36m (0.5ms)[0m  [1m            SELECT sql
            FROM sqlite_master
            WHERE name='index_owners_on_blog_id' AND type='index'
            UNION ALL
            SELECT sql
            FROM sqlite_temp_master
            WHERE name='index_owners_on_blog_id' AND type='index'
[0m
  [1m[35m (0.5ms)[0m              SELECT sql
            FROM sqlite_master
            WHERE name='index_owners_on_user_id' AND type='index'
            UNION ALL
            SELECT sql
            FROM sqlite_temp_master
            WHERE name='index_owners_on_user_id' AND type='index'

  [1m[36m (0.4ms)[0m  [1m            SELECT sql
            FROM sqlite_master
            WHERE name='index_posts_on_user_id' AND type='index'
            UNION ALL
            SELECT sql
            FROM sqlite_temp_master
            WHERE name='index_posts_on_user_id' AND type='index'
[0m
  [1m[35m (0.5ms)[0m              SELECT sql
            FROM sqlite_master
            WHERE name='index_posts_on_blog_id' AND type='index'
            UNION ALL
            SELECT sql
            FROM sqlite_temp_master
            WHERE name='index_posts_on_blog_id' AND type='index'

  [1m[36m (0.1ms)[0m  [1mbegin transaction[0m
  [1m[35mSQL (6.7ms)[0m  INSERT INTO "users" ("first_name", "last_name", "email", "created_at", "updated_at") VALUES (?, ?, ?, ?, ?)  [["first_name", "Nate"], ["last_name", "Newyen"], ["email", "nate@gmail.com"], ["created_at", "2020-06-04 08:31:45.240510"], ["updated_at", "2020-06-04 08:31:45.240510"]]
  [1m[36m (2.4ms)[0m  [1mcommit transaction[0m
  [1m[35mUser Load (2.0ms)[0m  SELECT "users".* FROM "users"
  [1m[36m (0.1ms)[0m  [1mbegin transaction[0m
  [1m[35mUser Exists (1.9ms)[0m  SELECT  1 AS one FROM "users" WHERE LOWER("users"."email") = LOWER('nathan@gmail.com') LIMIT 1
  [1m[36mSQL (2.8ms)[0m  [1mINSERT INTO "users" ("first_name", "last_name", "email", "created_at", "updated_at") VALUES (?, ?, ?, ?, ?)[0m  [["first_name", "Nathan"], ["last_name", "Nguyen"], ["email", "nathan@gmail.com"], ["created_at", "2020-06-04 08:36:29.685809"], ["updated_at", "2020-06-04 08:36:29.685809"]]
  [1m[35m (2.7ms)[0m  commit transaction
  [1m[36m (0.1ms)[0m  [1mbegin transaction[0m
  [1m[35mUser Exists (1.6ms)[0m  SELECT  1 AS one FROM "users" WHERE LOWER("users"."email") = LOWER('nick@gmail.com') LIMIT 1
  [1m[36mSQL (2.2ms)[0m  [1mINSERT INTO "users" ("first_name", "last_name", "email", "created_at", "updated_at") VALUES (?, ?, ?, ?, ?)[0m  [["first_name", "Nick"], ["last_name", "Graham"], ["email", "nick@gmail.com"], ["created_at", "2020-06-04 08:37:03.843742"], ["updated_at", "2020-06-04 08:37:03.843742"]]
  [1m[35m (2.7ms)[0m  commit transaction
  [1m[36m (0.1ms)[0m  [1mbegin transaction[0m
  [1m[35mUser Exists (1.8ms)[0m  SELECT  1 AS one FROM "users" WHERE LOWER("users"."email") = LOWER('david@gmail.com') LIMIT 1
  [1m[36mSQL (2.8ms)[0m  [1mINSERT INTO "users" ("first_name", "last_name", "email", "created_at", "updated_at") VALUES (?, ?, ?, ?, ?)[0m  [["first_name", "David"], ["last_name", "Paddilla"], ["email", "david@gmail.com"], ["created_at", "2020-06-04 08:37:33.491459"], ["updated_at", "2020-06-04 08:37:33.491459"]]
  [1m[35m (4.3ms)[0m  commit transaction
  [1m[36m (0.1ms)[0m  [1mbegin transaction[0m
  [1m[35mUser Exists (1.1ms)[0m  SELECT  1 AS one FROM "users" WHERE LOWER("users"."email") = LOWER('hannie@gmail.com') LIMIT 1
  [1m[36mSQL (1.7ms)[0m  [1mINSERT INTO "users" ("first_name", "last_name", "email", "created_at", "updated_at") VALUES (?, ?, ?, ?, ?)[0m  [["first_name", "Hannie"], ["last_name", "Nguyen"], ["email", "hannie@gmail.com"], ["created_at", "2020-06-04 08:38:10.970622"], ["updated_at", "2020-06-04 08:38:10.970622"]]
  [1m[35m (2.1ms)[0m  commit transaction
  [1m[36mUser Load (1.6ms)[0m  [1mSELECT "users".* FROM "users"[0m
  [1m[35m (0.1ms)[0m  begin transaction
  [1m[36mSQL (4.6ms)[0m  [1mINSERT INTO "blogs" ("name", "description", "created_at", "updated_at") VALUES (?, ?, ?, ?)[0m  [["name", "Blog 1"], ["description", " D1 "], ["created_at", "2020-06-04 08:38:47.244044"], ["updated_at", "2020-06-04 08:38:47.244044"]]
  [1m[35m (2.5ms)[0m  commit transaction
  [1m[36mBlog Load (2.0ms)[0m  [1mSELECT "blogs".* FROM "blogs"[0m
  [1m[35m (0.1ms)[0m  begin transaction
  [1m[36mSQL (4.3ms)[0m  [1mINSERT INTO "blogs" ("name", "description", "created_at", "updated_at") VALUES (?, ?, ?, ?)[0m  [["name", "Blog 2"], ["description", "D2"], ["created_at", "2020-06-04 08:39:23.461391"], ["updated_at", "2020-06-04 08:39:23.461391"]]
  [1m[35m (2.4ms)[0m  commit transaction
  [1m[36m (0.1ms)[0m  [1mbegin transaction[0m
  [1m[35mSQL (4.4ms)[0m  INSERT INTO "blogs" ("name", "description", "created_at", "updated_at") VALUES (?, ?, ?, ?)  [["name", "Blog 3"], ["description", "D3"], ["created_at", "2020-06-04 08:40:03.176434"], ["updated_at", "2020-06-04 08:40:03.176434"]]
  [1m[36m (2.2ms)[0m  [1mcommit transaction[0m
  [1m[35m (0.1ms)[0m  begin transaction
  [1m[36mSQL (3.2ms)[0m  [1mINSERT INTO "blogs" ("name", "description", "created_at", "updated_at") VALUES (?, ?, ?, ?)[0m  [["name", "Blog 4"], ["description", "D4"], ["created_at", "2020-06-04 08:40:29.241254"], ["updated_at", "2020-06-04 08:40:29.241254"]]
  [1m[35m (1.8ms)[0m  commit transaction
  [1m[36m (0.1ms)[0m  [1mbegin transaction[0m
  [1m[35mSQL (4.1ms)[0m  INSERT INTO "blogs" ("name", "description", "created_at", "updated_at") VALUES (?, ?, ?, ?)  [["name", "Blog 5"], ["description", "D5"], ["created_at", "2020-06-04 08:40:47.310089"], ["updated_at", "2020-06-04 08:40:47.310089"]]
  [1m[36m (2.4ms)[0m  [1mcommit transaction[0m
  [1m[35mBlog Load (1.1ms)[0m  SELECT "blogs".* FROM "blogs"
  [1m[36mUser Load (1.0ms)[0m  [1mSELECT "users".* FROM "users"[0m
  [1m[35mOwner Load (1.8ms)[0m  SELECT "owners".* FROM "owners"
  [1m[36mUser Load (2.1ms)[0m  [1mSELECT  "users".* FROM "users" WHERE "users"."id" = ? LIMIT 1[0m  [["id", 1]]
  [1m[35m (0.1ms)[0m  begin transaction
  [1m[36mSQL (4.8ms)[0m  [1mINSERT INTO "owners" ("user_id", "created_at", "updated_at") VALUES (?, ?, ?)[0m  [["user_id", 1], ["created_at", "2020-06-04 08:41:47.772721"], ["updated_at", "2020-06-04 08:41:47.772721"]]
  [1m[35m (3.5ms)[0m  commit transaction
  [1m[36mOwner Load (1.9ms)[0m  [1mSELECT "owners".* FROM "owners"[0m
  [1m[35mBlog Load (1.8ms)[0m  SELECT "blogs".* FROM "blogs"
  [1m[36mActiveRecord::SchemaMigration Load (0.5ms)[0m  [1mSELECT "schema_migrations".* FROM "schema_migrations"[0m
  [1m[35m (0.0ms)[0m  begin transaction
  [1m[36m (3.4ms)[0m  [1mDROP TABLE "owners"[0m
  [1m[35mSQL (0.6ms)[0m  DELETE FROM "schema_migrations" WHERE "schema_migrations"."version" = ?  [["version", "20200604082302"]]
  [1m[36m (2.4ms)[0m  [1mcommit transaction[0m
  [1m[35mActiveRecord::SchemaMigration Load (0.8ms)[0m  SELECT "schema_migrations".* FROM "schema_migrations"
  [1m[36m (0.7ms)[0m  [1m            SELECT sql
            FROM sqlite_master
            WHERE name='index_messages_on_user_id' AND type='index'
            UNION ALL
            SELECT sql
            FROM sqlite_temp_master
            WHERE name='index_messages_on_user_id' AND type='index'
[0m
  [1m[35m (0.9ms)[0m              SELECT sql
            FROM sqlite_master
            WHERE name='index_messages_on_post_id' AND type='index'
            UNION ALL
            SELECT sql
            FROM sqlite_temp_master
            WHERE name='index_messages_on_post_id' AND type='index'

  [1m[36m (0.8ms)[0m  [1m            SELECT sql
            FROM sqlite_master
            WHERE name='index_posts_on_user_id' AND type='index'
            UNION ALL
            SELECT sql
            FROM sqlite_temp_master
            WHERE name='index_posts_on_user_id' AND type='index'
[0m
  [1m[35m (0.6ms)[0m              SELECT sql
            FROM sqlite_master
            WHERE name='index_posts_on_blog_id' AND type='index'
            UNION ALL
            SELECT sql
            FROM sqlite_temp_master
            WHERE name='index_posts_on_blog_id' AND type='index'

  [1m[36mOwner Load (3.4ms)[0m  [1mSELECT "owners".* FROM "owners"[0m
  [1m[36mActiveRecord::SchemaMigration Load (0.6ms)[0m  [1mSELECT "schema_migrations".* FROM "schema_migrations"[0m
Migrating to CreateOwners (20200604082302)
  [1m[35m (0.0ms)[0m  begin transaction
  [1m[36m (3.5ms)[0m  [1mCREATE TABLE "owners" ("id" INTEGER PRIMARY KEY AUTOINCREMENT NOT NULL, "user_id" integer, "blog_id" integer, "created_at" datetime NOT NULL, "updated_at" datetime NOT NULL) [0m
  [1m[35m (0.1ms)[0m  select sqlite_version(*)
  [1m[36m (0.1ms)[0m  [1mCREATE  INDEX "index_owners_on_user_id" ON "owners" ("user_id")[0m
  [1m[35m (0.1ms)[0m              SELECT sql
            FROM sqlite_master
            WHERE name='index_owners_on_user_id' AND type='index'
            UNION ALL
            SELECT sql
            FROM sqlite_temp_master
            WHERE name='index_owners_on_user_id' AND type='index'

  [1m[36m (0.4ms)[0m  [1mCREATE  INDEX "index_owners_on_blog_id" ON "owners" ("blog_id")[0m
  [1m[35mSQL (1.0ms)[0m  INSERT INTO "schema_migrations" ("version") VALUES (?)  [["version", "20200604082302"]]
  [1m[36m (2.4ms)[0m  [1mcommit transaction[0m
  [1m[35mActiveRecord::SchemaMigration Load (0.6ms)[0m  SELECT "schema_migrations".* FROM "schema_migrations"
  [1m[36m (0.6ms)[0m  [1m            SELECT sql
            FROM sqlite_master
            WHERE name='index_messages_on_user_id' AND type='index'
            UNION ALL
            SELECT sql
            FROM sqlite_temp_master
            WHERE name='index_messages_on_user_id' AND type='index'
[0m
  [1m[35m (0.6ms)[0m              SELECT sql
            FROM sqlite_master
            WHERE name='index_messages_on_post_id' AND type='index'
            UNION ALL
            SELECT sql
            FROM sqlite_temp_master
            WHERE name='index_messages_on_post_id' AND type='index'

  [1m[36m (1.2ms)[0m  [1m            SELECT sql
            FROM sqlite_master
            WHERE name='index_owners_on_blog_id' AND type='index'
            UNION ALL
            SELECT sql
            FROM sqlite_temp_master
            WHERE name='index_owners_on_blog_id' AND type='index'
[0m
  [1m[35m (1.4ms)[0m              SELECT sql
            FROM sqlite_master
            WHERE name='index_owners_on_user_id' AND type='index'
            UNION ALL
            SELECT sql
            FROM sqlite_temp_master
            WHERE name='index_owners_on_user_id' AND type='index'

  [1m[36m (0.6ms)[0m  [1m            SELECT sql
            FROM sqlite_master
            WHERE name='index_posts_on_user_id' AND type='index'
            UNION ALL
            SELECT sql
            FROM sqlite_temp_master
            WHERE name='index_posts_on_user_id' AND type='index'
[0m
  [1m[35m (1.1ms)[0m              SELECT sql
            FROM sqlite_master
            WHERE name='index_posts_on_blog_id' AND type='index'
            UNION ALL
            SELECT sql
            FROM sqlite_temp_master
            WHERE name='index_posts_on_blog_id' AND type='index'

  [1m[36mOwner Load (4.6ms)[0m  [1mSELECT "owners".* FROM "owners"[0m
  [1m[36mBlog Load (8.8ms)[0m  [1mSELECT "blogs".* FROM "blogs"[0m
  [1m[35mBlog Load (2.8ms)[0m  SELECT "blogs".* FROM "blogs"
  [1m[36mBlog Load (1.0ms)[0m  [1mSELECT "blogs".* FROM "blogs" WHERE "blogs"."id" IN (1, 2, 3)[0m
  [1m[35mUser Load (2.6ms)[0m  SELECT  "users".* FROM "users" WHERE "users"."id" = ? LIMIT 1  [["id", 1]]
  [1m[36mBlog Load (2.0ms)[0m  [1mSELECT "blogs".* FROM "blogs" WHERE "blogs"."id" IN (1, 2, 3)[0m
  [1m[35m (0.3ms)[0m  begin transaction
  [1m[36mSQL (5.2ms)[0m  [1mINSERT INTO "owners" ("user_id", "created_at", "updated_at") VALUES (?, ?, ?)[0m  [["user_id", 1], ["created_at", "2020-06-04 09:18:03.796717"], ["updated_at", "2020-06-04 09:18:03.796717"]]
  [1m[35m (2.4ms)[0m  commit transaction
  [1m[36mOwner Load (2.0ms)[0m  [1mSELECT "owners".* FROM "owners"[0m
  [1m[35mBlog Load (2.2ms)[0m  SELECT  "blogs".* FROM "blogs" WHERE "blogs"."id" = ? LIMIT 1  [["id", 1]]
  [1m[36mBlog Load (2.0ms)[0m  [1mSELECT "blogs".* FROM "blogs" WHERE "blogs"."id" IN (1, 2, 3)[0m
  [1m[35mOwner Load (2.2ms)[0m  SELECT "owners".* FROM "owners"
  [1m[36mOwner Load (2.0ms)[0m  [1mSELECT  "owners".* FROM "owners" WHERE "owners"."id" = ? LIMIT 1[0m  [["id", 1]]
  [1m[35m (0.1ms)[0m  begin transaction
  [1m[36mSQL (2.9ms)[0m  [1mDELETE FROM "owners" WHERE "owners"."id" = ?[0m  [["id", 1]]
  [1m[35m (2.4ms)[0m  commit transaction
  [1m[36mOwner Load (2.0ms)[0m  [1mSELECT "owners".* FROM "owners"[0m
  [1m[35mOwner Load (2.4ms)[0m  SELECT "owners".* FROM "owners"
  [1m[36mBlog Load (3.3ms)[0m  [1mSELECT "blogs".* FROM "blogs" WHERE (1)[0m
  [1m[35mBlog Load (1.6ms)[0m  SELECT  "blogs".* FROM "blogs" WHERE "blogs"."id" = ? LIMIT 1  [["id", 1]]
  [1m[36mUser Load (2.8ms)[0m  [1mSELECT  "users".* FROM "users" WHERE "users"."id" = ? LIMIT 1[0m  [["id", 1]]
  [1m[35mBlog Load (1.8ms)[0m  SELECT  "blogs".* FROM "blogs" WHERE "blogs"."id" = ? LIMIT 1  [["id", 1]]
  [1m[36m (0.2ms)[0m  [1mbegin transaction[0m
  [1m[35mSQL (4.7ms)[0m  INSERT INTO "owners" ("user_id", "blog_id", "created_at", "updated_at") VALUES (?, ?, ?, ?)  [["user_id", 1], ["blog_id", 1], ["created_at", "2020-06-04 09:27:44.115042"], ["updated_at", "2020-06-04 09:27:44.115042"]]
  [1m[36m (4.1ms)[0m  [1mcommit transaction[0m
  [1m[35mOwner Load (1.2ms)[0m  SELECT "owners".* FROM "owners"
  [1m[36mUser Load (0.8ms)[0m  [1mSELECT  "users".* FROM "users" WHERE "users"."id" = ? LIMIT 1[0m  [["id", 1]]
  [1m[35mBlog Load (0.9ms)[0m  SELECT  "blogs".* FROM "blogs" WHERE "blogs"."id" = ? LIMIT 1  [["id", 2]]
  [1m[36m (0.0ms)[0m  [1mbegin transaction[0m
  [1m[35mSQL (4.2ms)[0m  INSERT INTO "owners" ("user_id", "blog_id", "created_at", "updated_at") VALUES (?, ?, ?, ?)  [["user_id", 1], ["blog_id", 2], ["created_at", "2020-06-04 09:28:27.600161"], ["updated_at", "2020-06-04 09:28:27.600161"]]
  [1m[36m (4.1ms)[0m  [1mcommit transaction[0m
  [1m[35mOwner Load (1.2ms)[0m  SELECT "owners".* FROM "owners"
  [1m[36mOwner Load (2.0ms)[0m  [1mSELECT "owners".* FROM "owners"[0m
  [1m[35mUser Load (2.0ms)[0m  SELECT  "users".* FROM "users" WHERE "users"."id" = ? LIMIT 1  [["id", 1]]
  [1m[36mUser Load (1.7ms)[0m  [1mSELECT  "users".* FROM "users" WHERE "users"."id" = ? LIMIT 1[0m  [["id", 1]]
  [1m[35mBlog Load (1.0ms)[0m  SELECT  "blogs".* FROM "blogs" WHERE "blogs"."id" = ? LIMIT 1  [["id", 3]]
  [1m[36m (0.1ms)[0m  [1mbegin transaction[0m
  [1m[35mSQL (4.6ms)[0m  INSERT INTO "owners" ("user_id", "blog_id", "created_at", "updated_at") VALUES (?, ?, ?, ?)  [["user_id", 1], ["blog_id", 3], ["created_at", "2020-06-04 09:29:28.627218"], ["updated_at", "2020-06-04 09:29:28.627218"]]
  [1m[36m (4.0ms)[0m  [1mcommit transaction[0m
  [1m[35mOwner Load (1.5ms)[0m  SELECT "owners".* FROM "owners"
  [1m[36mUser Load (1.8ms)[0m  [1mSELECT  "users".* FROM "users" WHERE "users"."id" = ? LIMIT 1[0m  [["id", 2]]
  [1m[35mBlog Load (1.6ms)[0m  SELECT  "blogs".* FROM "blogs" WHERE "blogs"."id" = ? LIMIT 1  [["id", 4]]
  [1m[36m (0.1ms)[0m  [1mbegin transaction[0m
  [1m[35mSQL (7.4ms)[0m  INSERT INTO "owners" ("user_id", "blog_id", "created_at", "updated_at") VALUES (?, ?, ?, ?)  [["user_id", 2], ["blog_id", 4], ["created_at", "2020-06-04 09:30:10.755050"], ["updated_at", "2020-06-04 09:30:10.755050"]]
  [1m[36m (8.4ms)[0m  [1mcommit transaction[0m
  [1m[35mOwner Load (1.9ms)[0m  SELECT "owners".* FROM "owners"
  [1m[36mUser Load (1.2ms)[0m  [1mSELECT "users".* FROM "users"[0m
  [1m[35mUser Load (1.8ms)[0m  SELECT  "users".* FROM "users"  ORDER BY "users"."id" DESC LIMIT 1
  [1m[36mBlog Load (2.4ms)[0m  [1mSELECT  "blogs".* FROM "blogs" WHERE "blogs"."id" = ? LIMIT 1[0m  [["id", 5]]
  [1m[35mBlog Load (1.7ms)[0m  SELECT  "blogs".* FROM "blogs" WHERE "blogs"."id" = ? LIMIT 1  [["id", 4]]
  [1m[36m (0.1ms)[0m  [1mbegin transaction[0m
  [1m[35mUser Exists (0.5ms)[0m  SELECT  1 AS one FROM "users" WHERE (LOWER("users"."email") = LOWER('hannie@gmail.com') AND "users"."id" != 5) LIMIT 1
  [1m[36m (0.1ms)[0m  [1mcommit transaction[0m
  [1m[35mOwner Load (1.5ms)[0m  SELECT "owners".* FROM "owners"
  [1m[36mUser Load (2.1ms)[0m  [1mSELECT  "users".* FROM "users"  ORDER BY "users"."id" DESC LIMIT 1[0m
  [1m[35mBlog Load (1.8ms)[0m  SELECT  "blogs".* FROM "blogs" WHERE "blogs"."id" = ? LIMIT 1  [["id", 5]]
  [1m[36m (0.1ms)[0m  [1mbegin transaction[0m
  [1m[35mSQL (4.5ms)[0m  INSERT INTO "owners" ("user_id", "blog_id", "created_at", "updated_at") VALUES (?, ?, ?, ?)  [["user_id", 5], ["blog_id", 5], ["created_at", "2020-06-04 09:32:15.532871"], ["updated_at", "2020-06-04 09:32:15.532871"]]
  [1m[36m (2.2ms)[0m  [1mcommit transaction[0m
  [1m[35mOwner Load (1.7ms)[0m  SELECT "owners".* FROM "owners"
  [1m[36mUser Load (1.8ms)[0m  [1mSELECT  "users".* FROM "users" WHERE "users"."id" = ? LIMIT 1[0m  [["id", 3]]
  [1m[35mBlog Load (0.7ms)[0m  SELECT  "blogs".* FROM "blogs" WHERE "blogs"."id" = ? LIMIT 1  [["id", 1]]
  [1m[36m (0.1ms)[0m  [1mbegin transaction[0m
  [1m[35mSQL (3.5ms)[0m  INSERT INTO "owners" ("user_id", "blog_id", "created_at", "updated_at") VALUES (?, ?, ?, ?)  [["user_id", 3], ["blog_id", 1], ["created_at", "2020-06-04 09:33:15.229763"], ["updated_at", "2020-06-04 09:33:15.229763"]]
  [1m[36m (2.5ms)[0m  [1mcommit transaction[0m
  [1m[35mOwner Load (1.5ms)[0m  SELECT "owners".* FROM "owners"
  [1m[36mUser Load (2.4ms)[0m  [1mSELECT  "users".* FROM "users" WHERE "users"."id" = ? LIMIT 1[0m  [["id", 3]]
  [1m[35mBlog Load (1.8ms)[0m  SELECT  "blogs".* FROM "blogs" WHERE "blogs"."id" = ? LIMIT 1  [["id", 2]]
  [1m[36m (0.1ms)[0m  [1mbegin transaction[0m
  [1m[35mSQL (5.4ms)[0m  INSERT INTO "owners" ("user_id", "blog_id", "created_at", "updated_at") VALUES (?, ?, ?, ?)  [["user_id", 3], ["blog_id", 2], ["created_at", "2020-06-04 09:33:44.819356"], ["updated_at", "2020-06-04 09:33:44.819356"]]
  [1m[36m (3.1ms)[0m  [1mcommit transaction[0m
  [1m[35mUser Load (1.4ms)[0m  SELECT  "users".* FROM "users" WHERE "users"."id" = ? LIMIT 1  [["id", 3]]
  [1m[36mBlog Load (1.9ms)[0m  [1mSELECT  "blogs".* FROM "blogs" WHERE "blogs"."id" = ? LIMIT 1[0m  [["id", 3]]
  [1m[35m (0.1ms)[0m  begin transaction
  [1m[36mSQL (11.6ms)[0m  [1mINSERT INTO "owners" ("user_id", "blog_id", "created_at", "updated_at") VALUES (?, ?, ?, ?)[0m  [["user_id", 3], ["blog_id", 3], ["created_at", "2020-06-04 09:34:12.246090"], ["updated_at", "2020-06-04 09:34:12.246090"]]
  [1m[35m (3.4ms)[0m  commit transaction
  [1m[36mUser Load (1.7ms)[0m  [1mSELECT  "users".* FROM "users" WHERE "users"."id" = ? LIMIT 1[0m  [["id", 3]]
  [1m[35mBlog Load (1.9ms)[0m  SELECT  "blogs".* FROM "blogs" WHERE "blogs"."id" = ? LIMIT 1  [["id", 4]]
  [1m[36m (0.1ms)[0m  [1mbegin transaction[0m
  [1m[35mSQL (4.4ms)[0m  INSERT INTO "owners" ("user_id", "blog_id", "created_at", "updated_at") VALUES (?, ?, ?, ?)  [["user_id", 3], ["blog_id", 4], ["created_at", "2020-06-04 09:34:44.235151"], ["updated_at", "2020-06-04 09:34:44.235151"]]
  [1m[36m (3.6ms)[0m  [1mcommit transaction[0m
  [1m[35mOwner Load (2.1ms)[0m  SELECT "owners".* FROM "owners"
  [1m[36mUser Load (2.1ms)[0m  [1mSELECT  "users".* FROM "users" WHERE "users"."id" = ? LIMIT 1[0m  [["id", 3]]
  [1m[35mBlog Load (1.8ms)[0m  SELECT  "blogs".* FROM "blogs" WHERE "blogs"."id" = ? LIMIT 1  [["id", 5]]
  [1m[36m (0.1ms)[0m  [1mbegin transaction[0m
  [1m[35mSQL (3.8ms)[0m  INSERT INTO "owners" ("user_id", "blog_id", "created_at", "updated_at") VALUES (?, ?, ?, ?)  [["user_id", 3], ["blog_id", 5], ["created_at", "2020-06-04 09:35:14.693539"], ["updated_at", "2020-06-04 09:35:14.693539"]]
  [1m[36m (2.1ms)[0m  [1mcommit transaction[0m
  [1m[35mOwner Load (1.2ms)[0m  SELECT "owners".* FROM "owners"
  [1m[36mUser Load (2.4ms)[0m  [1mSELECT  "users".* FROM "users"  ORDER BY "users"."id" ASC LIMIT 1[0m
  [1m[35mBlog Load (1.6ms)[0m  SELECT  "blogs".* FROM "blogs" WHERE "blogs"."id" = ? LIMIT 1  [["id", 2]]
  [1m[36m (0.1ms)[0m  [1mbegin transaction[0m
  [1m[35m (0.1ms)[0m  rollback transaction
  [1m[36m (0.1ms)[0m  [1mbegin transaction[0m
  [1m[35mSQL (10.2ms)[0m  INSERT INTO "posts" ("user_id", "blog_id", "title", "content", "created_at", "updated_at") VALUES (?, ?, ?, ?, ?, ?)  [["user_id", 1], ["blog_id", 2], ["title", "Ey Yo"], ["content", "Hello world!"], ["created_at", "2020-06-04 09:38:48.333870"], ["updated_at", "2020-06-04 09:38:48.333870"]]
  [1m[36m (5.6ms)[0m  [1mcommit transaction[0m
  [1m[35mPost Load (3.0ms)[0m  SELECT "posts".* FROM "posts"
  [1m[36mUser Load (2.0ms)[0m  [1mSELECT  "users".* FROM "users"  ORDER BY "users"."id" ASC LIMIT 1[0m
  [1m[35mBlog Load (1.5ms)[0m  SELECT  "blogs".* FROM "blogs" WHERE "blogs"."id" = ? LIMIT 1  [["id", 2]]
  [1m[36m (0.1ms)[0m  [1mbegin transaction[0m
  [1m[35mSQL (5.6ms)[0m  INSERT INTO "posts" ("user_id", "blog_id", "title", "content", "created_at", "updated_at") VALUES (?, ?, ?, ?, ?, ?)  [["user_id", 1], ["blog_id", 2], ["title", "Wassup"], ["content", "My friend"], ["created_at", "2020-06-04 09:43:13.542807"], ["updated_at", "2020-06-04 09:43:13.542807"]]
  [1m[36m (6.7ms)[0m  [1mcommit transaction[0m
  [1m[35mPost Load (2.1ms)[0m  SELECT "posts".* FROM "posts"
  [1m[36mUser Load (2.1ms)[0m  [1mSELECT  "users".* FROM "users"  ORDER BY "users"."id" ASC LIMIT 1[0m
  [1m[35mBlog Load (1.2ms)[0m  SELECT  "blogs".* FROM "blogs" WHERE "blogs"."id" = ? LIMIT 1  [["id", 2]]
  [1m[36m (0.1ms)[0m  [1mbegin transaction[0m
  [1m[35mSQL (3.8ms)[0m  INSERT INTO "posts" ("user_id", "blog_id", "title", "content", "created_at", "updated_at") VALUES (?, ?, ?, ?, ?, ?)  [["user_id", 1], ["blog_id", 2], ["title", "Agagagagaa"], ["content", "My again"], ["created_at", "2020-06-04 09:43:38.633504"], ["updated_at", "2020-06-04 09:43:38.633504"]]
  [1m[36m (2.7ms)[0m  [1mcommit transaction[0m
  [1m[35mPost Load (2.1ms)[0m  SELECT "posts".* FROM "posts"
  [1m[36mUser Load (2.5ms)[0m  [1mSELECT  "users".* FROM "users"  ORDER BY "users"."id" ASC LIMIT 1 OFFSET 1[0m
  [1m[35mBlog Load (2.2ms)[0m  SELECT  "blogs".* FROM "blogs"  ORDER BY "blogs"."id" DESC LIMIT 1
  [1m[36m (0.1ms)[0m  [1mbegin transaction[0m
  [1m[35mSQL (9.2ms)[0m  INSERT INTO "posts" ("user_id", "blog_id", "title", "content", "created_at", "updated_at") VALUES (?, ?, ?, ?, ?, ?)  [["user_id", 2], ["blog_id", 5], ["title", "Test"], ["content", "Test here"], ["created_at", "2020-06-04 09:44:19.143065"], ["updated_at", "2020-06-04 09:44:19.143065"]]
  [1m[36m (4.7ms)[0m  [1mcommit transaction[0m
  [1m[35mPost Load (2.8ms)[0m  SELECT "posts".* FROM "posts"
  [1m[36mUser Load (1.7ms)[0m  [1mSELECT  "users".* FROM "users"  ORDER BY "users"."id" ASC LIMIT 1 OFFSET 1[0m
  [1m[35mBlog Load (2.2ms)[0m  SELECT  "blogs".* FROM "blogs"  ORDER BY "blogs"."id" DESC LIMIT 1
  [1m[36m (0.1ms)[0m  [1mbegin transaction[0m
  [1m[35mSQL (4.7ms)[0m  INSERT INTO "posts" ("user_id", "blog_id", "title", "content", "created_at", "updated_at") VALUES (?, ?, ?, ?, ?, ?)  [["user_id", 2], ["blog_id", 5], ["title", "Test again"], ["content", "Test again here"], ["created_at", "2020-06-04 09:44:46.478323"], ["updated_at", "2020-06-04 09:44:46.478323"]]
  [1m[36m (5.1ms)[0m  [1mcommit transaction[0m
  [1m[35mUser Load (19.0ms)[0m  SELECT  "users".* FROM "users"  ORDER BY "users"."id" ASC LIMIT 1 OFFSET 1
  [1m[36mBlog Load (3.3ms)[0m  [1mSELECT  "blogs".* FROM "blogs"  ORDER BY "blogs"."id" DESC LIMIT 1[0m
  [1m[35m (0.2ms)[0m  begin transaction
  [1m[36mSQL (4.9ms)[0m  [1mINSERT INTO "posts" ("user_id", "blog_id", "title", "content", "created_at", "updated_at") VALUES (?, ?, ?, ?, ?, ?)[0m  [["user_id", 2], ["blog_id", 5], ["title", "Test again 3 times"], ["content", "Test again here 3rd time"], ["created_at", "2020-06-04 09:44:59.604768"], ["updated_at", "2020-06-04 09:44:59.604768"]]
  [1m[35m (5.8ms)[0m  commit transaction
  [1m[36mUser Load (1.9ms)[0m  [1mSELECT  "users".* FROM "users"  ORDER BY "users"."id" ASC LIMIT 1 OFFSET 1[0m
  [1m[35mBlog Load (2.1ms)[0m  SELECT  "blogs".* FROM "blogs"  ORDER BY "blogs"."id" DESC LIMIT 1
  [1m[36m (0.1ms)[0m  [1mbegin transaction[0m
  [1m[35mSQL (3.6ms)[0m  INSERT INTO "posts" ("user_id", "blog_id", "title", "content", "created_at", "updated_at") VALUES (?, ?, ?, ?, ?, ?)  [["user_id", 2], ["blog_id", 5], ["title", "Test again 4 here"], ["content", "Test again here 4rd time"], ["created_at", "2020-06-04 09:45:13.085653"], ["updated_at", "2020-06-04 09:45:13.085653"]]
  [1m[36m (3.1ms)[0m  [1mcommit transaction[0m
  [1m[35mUser Load (2.0ms)[0m  SELECT  "users".* FROM "users"  ORDER BY "users"."id" ASC LIMIT 1 OFFSET 1
  [1m[36mBlog Load (1.9ms)[0m  [1mSELECT  "blogs".* FROM "blogs"  ORDER BY "blogs"."id" DESC LIMIT 1[0m
  [1m[35m (0.1ms)[0m  begin transaction
  [1m[36mSQL (2.9ms)[0m  [1mINSERT INTO "posts" ("user_id", "blog_id", "title", "content", "created_at", "updated_at") VALUES (?, ?, ?, ?, ?, ?)[0m  [["user_id", 2], ["blog_id", 5], ["title", "Test again 5 here"], ["content", "Test again here 5th time"], ["created_at", "2020-06-04 09:45:26.228056"], ["updated_at", "2020-06-04 09:45:26.228056"]]
  [1m[35m (2.6ms)[0m  commit transaction
  [1m[36mPost Load (1.9ms)[0m  [1mSELECT "posts".* FROM "posts"[0m
  [1m[35mUser Load (2.0ms)[0m  SELECT  "users".* FROM "users" WHERE "users"."id" = ? LIMIT 1  [["id", 3]]
  [1m[36mBlog Load (1.2ms)[0m  [1mSELECT  "blogs".* FROM "blogs"  ORDER BY "blogs"."id" ASC LIMIT 1[0m
  [1m[35m (0.0ms)[0m  begin transaction
  [1m[36mSQL (2.6ms)[0m  [1mINSERT INTO "posts" ("user_id", "blog_id", "title", "content", "created_at", "updated_at") VALUES (?, ?, ?, ?, ?, ?)[0m  [["user_id", 3], ["blog_id", 1], ["title", "User 3 post here"], ["content", "skdlsad"], ["created_at", "2020-06-04 09:46:28.906990"], ["updated_at", "2020-06-04 09:46:28.906990"]]
  [1m[35m (2.8ms)[0m  commit transaction
  [1m[36mPost Load (1.0ms)[0m  [1mSELECT "posts".* FROM "posts"[0m
  [1m[35mUser Load (2.0ms)[0m  SELECT  "users".* FROM "users" WHERE "users"."id" = ? LIMIT 1  [["id", 3]]
  [1m[36mBlog Load (2.4ms)[0m  [1mSELECT  "blogs".* FROM "blogs"  ORDER BY "blogs"."id" ASC LIMIT 1 OFFSET 1[0m
  [1m[35m (0.1ms)[0m  begin transaction
  [1m[36mSQL (4.2ms)[0m  [1mINSERT INTO "posts" ("user_id", "blog_id", "title", "content", "created_at", "updated_at") VALUES (?, ?, ?, ?, ?, ?)[0m  [["user_id", 3], ["blog_id", 2], ["title", "User 3 post again here"], ["content", "skdldsfdsfdsfdsfdsfd"], ["created_at", "2020-06-04 09:46:57.171437"], ["updated_at", "2020-06-04 09:46:57.171437"]]
  [1m[35m (2.4ms)[0m  commit transaction
  [1m[36mUser Load (4.6ms)[0m  [1mSELECT  "users".* FROM "users" WHERE "users"."id" = ? LIMIT 1[0m  [["id", 3]]
  [1m[35mBlog Load (1.9ms)[0m  SELECT  "blogs".* FROM "blogs" WHERE "blogs"."id" = ? LIMIT 1  [["id", 4]]
  [1m[36m (0.1ms)[0m  [1mbegin transaction[0m
  [1m[35mSQL (4.2ms)[0m  INSERT INTO "posts" ("user_id", "blog_id", "title", "content", "created_at", "updated_at") VALUES (?, ?, ?, ?, ?, ?)  [["user_id", 3], ["blog_id", 4], ["title", "User 3 post again and again here"], ["content", "skdldsfdsf23423423423"], ["created_at", "2020-06-04 09:47:15.245626"], ["updated_at", "2020-06-04 09:47:15.245626"]]
  [1m[36m (1.8ms)[0m  [1mcommit transaction[0m
  [1m[35mPost Load (1.9ms)[0m  SELECT "posts".* FROM "posts"
  [1m[36mUser Load (15.5ms)[0m  [1mSELECT  "users".* FROM "users" WHERE "users"."id" = ? LIMIT 1[0m  [["id", 3]]
  [1m[35mPost Load (1.8ms)[0m  SELECT  "posts".* FROM "posts"  ORDER BY "posts"."id" ASC LIMIT 1
  [1m[36m (0.1ms)[0m  [1mbegin transaction[0m
  [1m[35mSQL (7.9ms)[0m  INSERT INTO "messages" ("user_id", "post_id", "author", "message", "created_at", "updated_at") VALUES (?, ?, ?, ?, ?, ?)  [["user_id", 3], ["post_id", 1], ["author", "nate"], ["message", "eyyjskadhsk"], ["created_at", "2020-06-04 09:48:23.923745"], ["updated_at", "2020-06-04 09:48:23.923745"]]
  [1m[36m (2.9ms)[0m  [1mcommit transaction[0m
  [1m[35mUser Load (1.8ms)[0m  SELECT  "users".* FROM "users" WHERE "users"."id" = ? LIMIT 1  [["id", 3]]
  [1m[36mPost Load (1.7ms)[0m  [1mSELECT  "posts".* FROM "posts"  ORDER BY "posts"."id" ASC LIMIT 1[0m
  [1m[35m (0.1ms)[0m  begin transaction
  [1m[36mSQL (7.4ms)[0m  [1mINSERT INTO "messages" ("user_id", "post_id", "author", "message", "created_at", "updated_at") VALUES (?, ?, ?, ?, ?, ?)[0m  [["user_id", 3], ["post_id", 1], ["author", "nate2"], ["message", "123123eyyjskadhsk"], ["created_at", "2020-06-04 09:53:52.948430"], ["updated_at", "2020-06-04 09:53:52.948430"]]
  [1m[35m (4.1ms)[0m  commit transaction
  [1m[36mMessage Load (2.0ms)[0m  [1mSELECT "messages".* FROM "messages"[0m
  [1m[35mUser Load (1.7ms)[0m  SELECT  "users".* FROM "users" WHERE "users"."id" = ? LIMIT 1  [["id", 3]]
  [1m[36mPost Load (1.5ms)[0m  [1mSELECT  "posts".* FROM "posts"  ORDER BY "posts"."id" ASC LIMIT 1 OFFSET 1[0m
  [1m[35m (0.1ms)[0m  begin transaction
  [1m[36mSQL (6.6ms)[0m  [1mINSERT INTO "messages" ("user_id", "post_id", "author", "message", "created_at", "updated_at") VALUES (?, ?, ?, ?, ?, ?)[0m  [["user_id", 3], ["post_id", 2], ["author", "dav1"], ["message", "Test"], ["created_at", "2020-06-04 09:54:24.722942"], ["updated_at", "2020-06-04 09:54:24.722942"]]
  [1m[35m (4.5ms)[0m  commit transaction
  [1m[36mUser Load (2.0ms)[0m  [1mSELECT  "users".* FROM "users" WHERE "users"."id" = ? LIMIT 1[0m  [["id", 3]]
  [1m[35mPost Load (2.1ms)[0m  SELECT  "posts".* FROM "posts"  ORDER BY "posts"."id" ASC LIMIT 1 OFFSET 1
  [1m[36m (0.1ms)[0m  [1mbegin transaction[0m
  [1m[35mSQL (3.6ms)[0m  INSERT INTO "messages" ("user_id", "post_id", "author", "message", "created_at", "updated_at") VALUES (?, ?, ?, ?, ?, ?)  [["user_id", 3], ["post_id", 2], ["author", "dav2"], ["message", "Test 1"], ["created_at", "2020-06-04 09:54:33.422700"], ["updated_at", "2020-06-04 09:54:33.422700"]]
  [1m[36m (2.8ms)[0m  [1mcommit transaction[0m
  [1m[35mUser Load (2.1ms)[0m  SELECT  "users".* FROM "users" WHERE "users"."id" = ? LIMIT 1  [["id", 3]]
  [1m[36mPost Load (1.7ms)[0m  [1mSELECT  "posts".* FROM "posts"  ORDER BY "posts"."id" ASC LIMIT 1 OFFSET 1[0m
  [1m[35m (0.1ms)[0m  begin transaction
  [1m[36mSQL (7.4ms)[0m  [1mINSERT INTO "messages" ("user_id", "post_id", "author", "message", "created_at", "updated_at") VALUES (?, ?, ?, ?, ?, ?)[0m  [["user_id", 3], ["post_id", 2], ["author", "dav3"], ["message", "Test 2"], ["created_at", "2020-06-04 09:54:38.307830"], ["updated_at", "2020-06-04 09:54:38.307830"]]
  [1m[35m (3.5ms)[0m  commit transaction
  [1m[36mMessage Load (2.1ms)[0m  [1mSELECT "messages".* FROM "messages"[0m
  [1m[35mUser Load (1.9ms)[0m  SELECT  "users".* FROM "users" WHERE "users"."id" = ? LIMIT 1  [["id", 4]]
  [1m[36mPost Load (3.0ms)[0m  [1mSELECT  "posts".* FROM "posts"  ORDER BY "posts"."id" DESC LIMIT 1[0m
  [1m[35m (0.1ms)[0m  begin transaction
  [1m[36mSQL (5.1ms)[0m  [1mINSERT INTO "messages" ("user_id", "post_id", "author", "message", "created_at", "updated_at") VALUES (?, ?, ?, ?, ?, ?)[0m  [["user_id", 4], ["post_id", 11], ["author", "nick"], ["message", "HAHAHAHAHA"], ["created_at", "2020-06-04 09:55:32.466000"], ["updated_at", "2020-06-04 09:55:32.466000"]]
  [1m[35m (5.2ms)[0m  commit transaction
  [1m[36mUser Load (2.0ms)[0m  [1mSELECT  "users".* FROM "users" WHERE "users"."id" = ? LIMIT 1[0m  [["id", 4]]
  [1m[35mPost Load (1.7ms)[0m  SELECT  "posts".* FROM "posts"  ORDER BY "posts"."id" DESC LIMIT 1
  [1m[36m (0.1ms)[0m  [1mbegin transaction[0m
  [1m[35mSQL (4.5ms)[0m  INSERT INTO "messages" ("user_id", "post_id", "author", "message", "created_at", "updated_at") VALUES (?, ?, ?, ?, ?, ?)  [["user_id", 4], ["post_id", 11], ["author", "nick2"], ["message", "HOHOHOHOH"], ["created_at", "2020-06-04 09:55:47.429702"], ["updated_at", "2020-06-04 09:55:47.429702"]]
  [1m[36m (5.9ms)[0m  [1mcommit transaction[0m
  [1m[35mUser Load (2.3ms)[0m  SELECT  "users".* FROM "users" WHERE "users"."id" = ? LIMIT 1  [["id", 4]]
  [1m[36mPost Load (1.8ms)[0m  [1mSELECT  "posts".* FROM "posts"  ORDER BY "posts"."id" DESC LIMIT 1[0m
  [1m[35m (0.1ms)[0m  begin transaction
  [1m[36mSQL (5.6ms)[0m  [1mINSERT INTO "messages" ("user_id", "post_id", "author", "message", "created_at", "updated_at") VALUES (?, ?, ?, ?, ?, ?)[0m  [["user_id", 4], ["post_id", 11], ["author", "nick3"], ["message", "HOHOHOHOHsahdkjsahdjksh"], ["created_at", "2020-06-04 09:55:53.072723"], ["updated_at", "2020-06-04 09:55:53.072723"]]
  [1m[35m (6.8ms)[0m  commit transaction
  [1m[36mMessage Load (2.0ms)[0m  [1mSELECT "messages".* FROM "messages"[0m
  [1m[35mOwner Load (1.3ms)[0m  SELECT "owners".* FROM "owners"
  [1m[36mPost Load (5.7ms)[0m  [1mSELECT "posts".* FROM "posts"[0m
  [1m[35mPost Load (1.9ms)[0m  SELECT  "posts".* FROM "posts" WHERE "posts"."id" = ? LIMIT 1  [["id", 2]]
  [1m[36mUser Load (1.5ms)[0m  [1mSELECT  "users".* FROM "users" WHERE "users"."id" = ? LIMIT 1[0m  [["id", 1]]
  [1m[35mPost Load (1.8ms)[0m  SELECT  "posts".* FROM "posts" WHERE "posts"."id" = ? LIMIT 1  [["id", 2]]
  [1m[36mUser Load (1.5ms)[0m  [1mSELECT  "users".* FROM "users"  ORDER BY "users"."id" DESC LIMIT 1[0m
  [1m[35mPost Load (1.5ms)[0m  SELECT  "posts".* FROM "posts" WHERE "posts"."id" = ? LIMIT 1  [["id", 2]]
  [1m[36m (0.1ms)[0m  [1mbegin transaction[0m
  [1m[35m (0.1ms)[0m  commit transaction
  [1m[36mPost Load (2.0ms)[0m  [1mSELECT "posts".* FROM "posts"[0m
  [1m[35mPost Load (1.9ms)[0m  SELECT  "posts".* FROM "posts" WHERE "posts"."id" = ? LIMIT 1  [["id", 2]]
  [1m[36mUser Load (1.5ms)[0m  [1mSELECT  "users".* FROM "users"  ORDER BY "users"."id" DESC LIMIT 1[0m
  [1m[35mPost Load (1.7ms)[0m  SELECT  "posts".* FROM "posts"  ORDER BY "posts"."id" ASC LIMIT 1 OFFSET 1
  [1m[36m (0.1ms)[0m  [1mbegin transaction[0m
  [1m[35m (0.0ms)[0m  commit transaction
  [1m[36mPost Load (1.8ms)[0m  [1mSELECT "posts".* FROM "posts"[0m
  [1m[35mPost Load (1.9ms)[0m  SELECT  "posts".* FROM "posts"  ORDER BY "posts"."id" ASC LIMIT 1 OFFSET 1
  [1m[36mUser Load (1.6ms)[0m  [1mSELECT  "users".* FROM "users" WHERE "users"."id" = ? LIMIT 1[0m  [["id", 1]]
  [1m[35mPost Load (2.6ms)[0m  SELECT  "posts".* FROM "posts"  ORDER BY "posts"."id" ASC LIMIT 1 OFFSET 1
  [1m[36mUser Load (1.8ms)[0m  [1mSELECT  "users".* FROM "users"  ORDER BY "users"."id" DESC LIMIT 1[0m
  [1m[35mPost Load (2.0ms)[0m  SELECT  "posts".* FROM "posts"  ORDER BY "posts"."id" ASC LIMIT 1 OFFSET 1
  [1m[36m (0.1ms)[0m  [1mbegin transaction[0m
  [1m[35m (0.0ms)[0m  commit transaction
  [1m[36mPost Load (2.0ms)[0m  [1mSELECT "posts".* FROM "posts"[0m
  [1m[35mPost Load (1.9ms)[0m  SELECT  "posts".* FROM "posts"  ORDER BY "posts"."id" ASC LIMIT 1 OFFSET 1
  [1m[36mUser Load (1.4ms)[0m  [1mSELECT  "users".* FROM "users"  ORDER BY "users"."id" DESC LIMIT 1[0m
  [1m[35mUser Load (2.0ms)[0m  SELECT  "users".* FROM "users"  ORDER BY "users"."id" DESC LIMIT 1
  [1m[36m (0.1ms)[0m  [1mbegin transaction[0m
  [1m[35mUser Exists (1.7ms)[0m  SELECT  1 AS one FROM "users" WHERE (LOWER("users"."email") = LOWER('hannie@gmail.com') AND "users"."id" != 5) LIMIT 1
  [1m[36m (0.1ms)[0m  [1mcommit transaction[0m
  [1m[35mPost Load (2.0ms)[0m  SELECT "posts".* FROM "posts"
  [1m[36mPost Load (1.9ms)[0m  [1mSELECT  "posts".* FROM "posts"  ORDER BY "posts"."id" ASC LIMIT 1 OFFSET 1[0m
  [1m[35mUser Load (1.6ms)[0m  SELECT  "users".* FROM "users" WHERE "users"."id" = ? LIMIT 1  [["id", 1]]
  [1m[36mPost Load (0.9ms)[0m  [1mSELECT  "posts".* FROM "posts"  ORDER BY "posts"."id" ASC LIMIT 1 OFFSET 1[0m
  [1m[35mUser Load (1.2ms)[0m  SELECT  "users".* FROM "users" WHERE "users"."id" = ? LIMIT 1  [["id", 1]]
  [1m[36mPost Load (1.5ms)[0m  [1mSELECT  "posts".* FROM "posts"  ORDER BY "posts"."id" ASC LIMIT 1 OFFSET 1[0m
  [1m[35mUser Load (1.7ms)[0m  SELECT  "users".* FROM "users"  ORDER BY "users"."id" DESC LIMIT 1
  [1m[36mPost Load (1.4ms)[0m  [1mSELECT  "posts".* FROM "posts"  ORDER BY "posts"."id" ASC LIMIT 1 OFFSET 1[0m
  [1m[35m (0.1ms)[0m  begin transaction
  [1m[36m (0.1ms)[0m  [1mcommit transaction[0m
  [1m[35mPost Load (1.9ms)[0m  SELECT "posts".* FROM "posts"
  [1m[36mUser Load (0.9ms)[0m  [1mSELECT "users".* FROM "users"[0m
  [1m[35mPost Load (2.4ms)[0m  SELECT  "posts".* FROM "posts" WHERE "posts"."id" = ? LIMIT 1  [["id", 2]]
  [1m[36mPost Load (1.9ms)[0m  [1mSELECT  "posts".* FROM "posts" WHERE "posts"."id" = ? LIMIT 1[0m  [["id", 2]]
  [1m[35mUser Load (1.9ms)[0m  SELECT  "users".* FROM "users" WHERE "users"."id" = ? LIMIT 1  [["id", 1]]
  [1m[36mPost Load (1.9ms)[0m  [1mSELECT  "posts".* FROM "posts" WHERE "posts"."id" = ? LIMIT 1[0m  [["id", 2]]
  [1m[35mPost Load (2.0ms)[0m  SELECT  "posts".* FROM "posts" WHERE "posts"."id" = ? LIMIT 1  [["id", 2]]
  [1m[36mUser Load (1.7ms)[0m  [1mSELECT  "users".* FROM "users" WHERE "users"."id" = ? LIMIT 1[0m  [["id", 1]]
  [1m[35mPost Load (1.8ms)[0m  SELECT  "posts".* FROM "posts"  ORDER BY "posts"."id" ASC LIMIT 1 OFFSET 1
  [1m[36mUser Load (1.9ms)[0m  [1mSELECT  "users".* FROM "users" WHERE "users"."id" = ? LIMIT 1[0m  [["id", 1]]
  [1m[35m (0.1ms)[0m  begin transaction
  [1m[36mUser Exists (2.0ms)[0m  [1mSELECT  1 AS one FROM "users" WHERE (LOWER("users"."email") = LOWER('nate@gmail.com') AND "users"."id" != 1) LIMIT 1[0m
  [1m[35m (0.1ms)[0m  commit transaction
  [1m[36mUser Load (2.0ms)[0m  [1mSELECT  "users".* FROM "users"  ORDER BY "users"."id" DESC LIMIT 1[0m
  [1m[35mPost Load (1.8ms)[0m  SELECT  "posts".* FROM "posts"  ORDER BY "posts"."id" ASC LIMIT 1 OFFSET 1
  [1m[36mPost Load (1.8ms)[0m  [1mSELECT  "posts".* FROM "posts"  ORDER BY "posts"."id" ASC LIMIT 1 OFFSET 1[0m
  [1m[35m (0.1ms)[0m  begin transaction
  [1m[36m (0.0ms)[0m  [1mcommit transaction[0m
  [1m[35mPost Load (1.8ms)[0m  SELECT "posts".* FROM "posts"
  [1m[36mPost Load (2.0ms)[0m  [1mSELECT  "posts".* FROM "posts"  ORDER BY "posts"."id" ASC LIMIT 1 OFFSET 1[0m
  [1m[35mPost Load (2.0ms)[0m  SELECT  "posts".* FROM "posts"  ORDER BY "posts"."id" ASC LIMIT 1 OFFSET 1
  [1m[36mUser Load (0.8ms)[0m  [1mSELECT  "users".* FROM "users"  ORDER BY "users"."id" DESC LIMIT 1[0m
  [1m[35mUser Load (1.8ms)[0m  SELECT  "users".* FROM "users"  ORDER BY "users"."id" DESC LIMIT 1
  [1m[36m (0.1ms)[0m  [1mbegin transaction[0m
  [1m[35mUser Exists (1.6ms)[0m  SELECT  1 AS one FROM "users" WHERE (LOWER("users"."email") = LOWER('hannie@gmail.com') AND "users"."id" != 5) LIMIT 1
  [1m[36m (0.1ms)[0m  [1mcommit transaction[0m
  [1m[35mPost Load (2.0ms)[0m  SELECT  "posts".* FROM "posts"  ORDER BY "posts"."id" ASC LIMIT 1 OFFSET 1
  [1m[36m (0.1ms)[0m  [1mbegin transaction[0m
  [1m[35m (0.2ms)[0m  commit transaction
  [1m[36mPost Load (2.1ms)[0m  [1mSELECT "posts".* FROM "posts"[0m
  [1m[36mPost Load (4.1ms)[0m  [1mSELECT "posts".* FROM "posts"[0m
  [1m[35mPost Load (1.8ms)[0m  SELECT "posts".* FROM "posts"
  [1m[36mPost Load (0.7ms)[0m  [1mSELECT  "posts".* FROM "posts" WHERE "posts"."id" = ? LIMIT 1[0m  [["id", 2]]
  [1m[35mUser Load (1.6ms)[0m  SELECT  "users".* FROM "users"  ORDER BY "users"."id" DESC LIMIT 1
  [1m[36m (0.1ms)[0m  [1mbegin transaction[0m
  [1m[35mSQL (8.6ms)[0m  UPDATE "posts" SET "user_id" = ?, "updated_at" = ? WHERE "posts"."id" = ?  [["user_id", 5], ["updated_at", "2020-06-04 16:52:16.711222"], ["id", 2]]
  [1m[36m (5.2ms)[0m  [1mcommit transaction[0m
  [1m[35mPost Load (2.0ms)[0m  SELECT "posts".* FROM "posts"
  [1m[36mPost Load (1.5ms)[0m  [1mSELECT  "posts".* FROM "posts" WHERE "posts"."id" = ? LIMIT 1[0m  [["id", 2]]
  [1m[35m (0.1ms)[0m  begin transaction
  [1m[36mSQL (3.8ms)[0m  [1mUPDATE "posts" SET "content" = ?, "updated_at" = ? WHERE "posts"."id" = ?[0m  [["content", "Updated content here"], ["updated_at", "2020-06-04 16:53:02.980718"], ["id", 2]]
  [1m[35m (2.2ms)[0m  commit transaction
  [1m[36mPost Load (1.3ms)[0m  [1mSELECT "posts".* FROM "posts"[0m
  [1m[35mUser Load (4.4ms)[0m  SELECT  "users".* FROM "users" WHERE "users"."id" = ? LIMIT 1  [["id", 3]]
  [1m[36mUser Load (1.7ms)[0m  [1mSELECT  "users".* FROM "users" WHERE "users"."id" = ? LIMIT 1[0m  [["id", 3]]
  [1m[35mOwner Load (0.9ms)[0m  SELECT "owners".* FROM "owners"
  [1m[36mOwner Load (1.7ms)[0m  [1mSELECT  "owners".* FROM "owners" WHERE "owners"."id" = ? LIMIT 1[0m  [["id", nil]]
  [1m[35mOwner Load (1.9ms)[0m  SELECT  "owners".* FROM "owners" WHERE "owners"."id" = ? LIMIT 1  [["id", nil]]
  [1m[36mUser Load (1.9ms)[0m  [1mSELECT  "users".* FROM "users" WHERE "users"."id" = ? LIMIT 1[0m  [["id", 3]]
DEPRECATION WARNING: You are passing an instance of ActiveRecord::Base to `find`. Please pass the id of the object by calling `.id`. (called from irb_binding at (irb):18)
  [1m[35mOwner Load (1.4ms)[0m  SELECT  "owners".* FROM "owners" WHERE "owners"."id" = ? LIMIT 1  [["id", 3]]
  [1m[36mUser Load (1.8ms)[0m  [1mSELECT  "users".* FROM "users" WHERE "users"."id" = ? LIMIT 1[0m  [["id", 3]]
  [1m[35mUser Load (1.9ms)[0m  SELECT "users".* FROM "users"
  [1m[36mUser Load (2.2ms)[0m  [1mSELECT  "users".* FROM "users" WHERE "users"."id" = ? LIMIT 1[0m  [["id", 3]]
  [1m[35mOwner Load (1.5ms)[0m  SELECT "owners".* FROM "owners"
  [1m[36mOwner Load (1.8ms)[0m  [1mSELECT "owners".* FROM "owners" WHERE (user = 3)[0m
  [1m[35mUser Load (2.1ms)[0m  SELECT  "users".* FROM "users" WHERE "users"."id" = ? LIMIT 1  [["id", 3]]
  [1m[36mBlog Load (2.0ms)[0m  [1mSELECT "blogs".* FROM "blogs"[0m
  [1m[35mOwner Load (2.1ms)[0m  SELECT "owners".* FROM "owners"
  [1m[36mUser Load (1.0ms)[0m  [1mSELECT  "users".* FROM "users" WHERE "users"."id" = ? LIMIT 1[0m  [["id", 3]]
DEPRECATION WARNING: You are passing an instance of ActiveRecord::Base to `find`. Please pass the id of the object by calling `.id`. (called from irb_binding at (irb):29)
  [1m[35mOwner Load (1.1ms)[0m  SELECT  "owners".* FROM "owners" WHERE "owners"."id" = ? LIMIT 1  [["id", 3]]
  [1m[36mOwner Load (2.0ms)[0m  [1mSELECT "owners".* FROM "owners"[0m
  [1m[35mOwner Load (2.1ms)[0m  SELECT "owners".* FROM "owners"
  [1m[36mOwner Load (2.0ms)[0m  [1mSELECT "owners".* FROM "owners"[0m
  [1m[35mOwner Load (2.0ms)[0m  SELECT "owners".* FROM "owners"
  [1m[36mOwner Load (1.3ms)[0m  [1mSELECT "owners".* FROM "owners"[0m
  [1m[35mOwner Load (1.9ms)[0m  SELECT  "owners".* FROM "owners"  ORDER BY "owners"."id" ASC LIMIT 1
  [1m[36mOwner Load (1.7ms)[0m  [1mSELECT "owners".* FROM "owners"[0m
  [1m[35mOwner Load (1.7ms)[0m  SELECT "owners".* FROM "owners"
  [1m[36mOwner Load (2.0ms)[0m  [1mSELECT  "owners".* FROM "owners" LIMIT 5[0m
  [1m[35mOwner Load (1.8ms)[0m  SELECT  "owners".* FROM "owners" LIMIT 5 OFFSET 10
  [1m[36mOwner Load (1.3ms)[0m  [1mSELECT  "owners".* FROM "owners" LIMIT 5 OFFSET 2[0m
  [1m[35mOwner Load (6.2ms)[0m  SELECT  "owners".* FROM "owners" LIMIT 5 OFFSET 3
  [1m[36mOwner Load (1.9ms)[0m  [1mSELECT  "owners".* FROM "owners" LIMIT 5 OFFSET 5[0m
  [1m[35mOwner Load (1.6ms)[0m  SELECT "owners".* FROM "owners" WHERE "owners"."id" = ?  [["id", 3]]
  [1m[36mOwner Load (1.2ms)[0m  [1mSELECT "owners".* FROM "owners" WHERE "owners"."user_id" = ?[0m  [["user_id", 3]]
  [1m[35mUser Load (1.2ms)[0m  SELECT  "users".* FROM "users" WHERE "users"."id" = ? LIMIT 1  [["id", 3]]
  [1m[36mBlog Load (0.7ms)[0m  [1mSELECT "blogs".* FROM "blogs" INNER JOIN "owners" ON "blogs"."id" = "owners"."blog_id" WHERE "owners"."user_id" = ?[0m  [["user_id", 3]]
  [1m[35mUser Load (1.6ms)[0m  SELECT  "users".* FROM "users" WHERE "users"."id" = ? LIMIT 1  [["id", 3]]
  [1m[36mPost Load (1.6ms)[0m  [1mSELECT "posts".* FROM "posts" WHERE "posts"."user_id" = ?[0m  [["user_id", 3]]
  [1m[35mBlog Load (2.1ms)[0m  SELECT  "blogs".* FROM "blogs" WHERE "blogs"."id" = ? LIMIT 1  [["id", 5]]
  [1m[36mPost Load (1.3ms)[0m  [1mSELECT "posts".* FROM "posts" WHERE "posts"."blog_id" = ?[0m  [["blog_id", 5]]
  [1m[35mBlog Load (1.5ms)[0m  SELECT  "blogs".* FROM "blogs" WHERE "blogs"."id" = ? LIMIT 1  [["id", 5]]
  [1m[36mMessage Load (1.7ms)[0m  [1mSELECT "messages".* FROM "messages" WHERE "messages"."blog_id" = ?[0m  [[nil, 5]]
  [1m[35mBlog Load (2.0ms)[0m  SELECT  "blogs".* FROM "blogs" WHERE "blogs"."id" = ? LIMIT 1  [["id", 5]]
  [1m[36mPost Load (1.5ms)[0m  [1mSELECT "posts".* FROM "posts" WHERE "posts"."blog_id" = ?[0m  [["blog_id", 5]]
  [1m[35mMessage Load (1.7ms)[0m  SELECT "messages".* FROM "messages"
  [1m[36mBlog Load (4.3ms)[0m  [1mSELECT "blogs".* FROM "blogs"[0m
  [1m[35mBlog Load (1.6ms)[0m  SELECT "blogs".* FROM "blogs"
  [1m[36mMessage Load (1.4ms)[0m  [1mSELECT "messages".* FROM "messages"[0m
  [1m[35mPost Load (1.8ms)[0m  SELECT "posts".* FROM "posts"
  [1m[36mBlog Load (1.1ms)[0m  [1mSELECT  "blogs".* FROM "blogs" WHERE "blogs"."id" = ? LIMIT 1[0m  [["id", 5]]
  [1m[35mBlog Load (1.7ms)[0m  SELECT  "blogs".* FROM "blogs" WHERE "blogs"."id" = ? LIMIT 1  [["id", 5]]
  [1m[36mPost Load (2.2ms)[0m  [1mSELECT "posts".* FROM "posts" WHERE "posts"."blog_id" = ?[0m  [["blog_id", 5]]
  [1m[35mBlog Load (2.2ms)[0m  SELECT  "blogs".* FROM "blogs" WHERE "blogs"."id" = ? LIMIT 1  [["id", 5]]
  [1m[36mPost Load (1.6ms)[0m  [1mSELECT "posts".* FROM "posts" WHERE "posts"."blog_id" = ?[0m  [["blog_id", 5]]
  [1m[35mBlog Load (1.7ms)[0m  SELECT  "blogs".* FROM "blogs" WHERE "blogs"."id" = ? LIMIT 1  [["id", 5]]
  [1m[36mPost Load (1.3ms)[0m  [1mSELECT "posts".* FROM "posts" WHERE "posts"."blog_id" = ?[0m  [["blog_id", 5]]
  [1m[35mBlog Load (1.7ms)[0m  SELECT  "blogs".* FROM "blogs" WHERE "blogs"."id" = ? LIMIT 1  [["id", 5]]
  [1m[36mBlog Load (1.8ms)[0m  [1mSELECT  "blogs".* FROM "blogs" WHERE "blogs"."id" = ? LIMIT 1[0m  [["id", 5]]
  [1m[35mPost Load (1.4ms)[0m  SELECT "posts".* FROM "posts" WHERE "posts"."blog_id" = ?  [["blog_id", 5]]
  [1m[36mBlog Load (2.0ms)[0m  [1mSELECT  "blogs".* FROM "blogs" WHERE "blogs"."id" = ? LIMIT 1[0m  [["id", 5]]
  [1m[35mBlog Load (1.8ms)[0m  SELECT  "blogs".* FROM "blogs" WHERE "blogs"."id" = ? LIMIT 1  [["id", 5]]
  [1m[36mPost Load (1.7ms)[0m  [1mSELECT "posts".* FROM "posts" WHERE "posts"."blog_id" = ?[0m  [["blog_id", 5]]
  [1m[35mBlog Load (1.8ms)[0m  SELECT  "blogs".* FROM "blogs" WHERE "blogs"."id" = ? LIMIT 1  [["id", 5]]
  [1m[36mPost Load (1.5ms)[0m  [1mSELECT "posts".* FROM "posts" WHERE "posts"."blog_id" = ?[0m  [["blog_id", 5]]
  [1m[35mBlog Load (1.7ms)[0m  SELECT  "blogs".* FROM "blogs" WHERE "blogs"."id" = ? LIMIT 1  [["id", 5]]
  [1m[36mPost Load (1.5ms)[0m  [1mSELECT "posts".* FROM "posts" WHERE "posts"."blog_id" = ?[0m  [["blog_id", 5]]
  [1m[35mBlog Load (2.0ms)[0m  SELECT  "blogs".* FROM "blogs" WHERE "blogs"."id" = ? LIMIT 1  [["id", 5]]
  [1m[36mPost Load (1.4ms)[0m  [1mSELECT "posts".* FROM "posts" WHERE "posts"."blog_id" = ?[0m  [["blog_id", 5]]
  [1m[35mBlog Load (1.9ms)[0m  SELECT  "blogs".* FROM "blogs" WHERE "blogs"."id" = ? LIMIT 1  [["id", 5]]
  [1m[36mPost Load (1.9ms)[0m  [1mSELECT "posts".* FROM "posts" WHERE "posts"."blog_id" = ? AND "posts"."blog_id" = ?[0m  [["blog_id", 5], ["blog_id", 5]]
  [1m[35mBlog Load (1.8ms)[0m  SELECT  "blogs".* FROM "blogs" WHERE "blogs"."id" = ? LIMIT 1  [["id", 5]]
  [1m[36mMessage Load (1.2ms)[0m  [1mSELECT "messages".* FROM "messages" WHERE "messages"."blog_id" = ?[0m  [[nil, 5]]
  [1m[35mBlog Load (2.0ms)[0m  SELECT  "blogs".* FROM "blogs" WHERE "blogs"."id" = ? LIMIT 1  [["id", 5]]
  [1m[36mPost Load (1.1ms)[0m  [1mSELECT "posts".* FROM "posts" WHERE "posts"."blog_id" = ?[0m  [["blog_id", 5]]
  [1m[35mBlog Load (1.9ms)[0m  SELECT  "blogs".* FROM "blogs" WHERE "blogs"."id" = ? LIMIT 1  [["id", 5]]
  [1m[36mPost Load (1.6ms)[0m  [1mSELECT "posts".* FROM "posts" WHERE "posts"."blog_id" = ?[0m  [["blog_id", 5]]
  [1m[35mMessage Load (2.1ms)[0m  SELECT "messages".* FROM "messages"
  [1m[36mPost Load (2.2ms)[0m  [1mSELECT "posts".* FROM "posts"[0m
  [1m[35mPost Load (1.9ms)[0m  SELECT "posts".* FROM "posts" WHERE "posts"."blog_id" = ?  [["blog_id", 5]]
  [1m[36mPost Load (1.7ms)[0m  [1mSELECT "posts".* FROM "posts" WHERE "posts"."blog_id" = ?[0m  [["blog_id", 5]]
  [1m[35mPost Load (1.8ms)[0m  SELECT "posts".* FROM "posts" WHERE "posts"."blog_id" = ?  [["blog_id", 5]]
  [1m[36mMessage Load (2.0ms)[0m  [1mSELECT "messages".* FROM "messages"[0m
  [1m[35mPost Load (2.1ms)[0m  SELECT  "posts".* FROM "posts" WHERE "posts"."id" = ? LIMIT 1  [["id", 4]]
  [1m[36mUser Load (1.5ms)[0m  [1mSELECT  "users".* FROM "users" WHERE "users"."id" = ? LIMIT 1[0m  [["id", 2]]
  [1m[35m (0.1ms)[0m  begin transaction
  [1m[36mSQL (6.2ms)[0m  [1mINSERT INTO "messages" ("post_id", "user_id", "author", "message", "created_at", "updated_at") VALUES (?, ?, ?, ?, ?, ?)[0m  [["post_id", 4], ["user_id", 2], ["author", "Euad"], ["message", "Final"], ["created_at", "2020-06-04 17:20:42.848036"], ["updated_at", "2020-06-04 17:20:42.848036"]]
  [1m[35m (2.9ms)[0m  commit transaction
  [1m[36mPost Load (2.3ms)[0m  [1mSELECT  "posts".* FROM "posts" WHERE "posts"."id" = ? LIMIT 1[0m  [["id", 5]]
  [1m[35mUser Load (1.8ms)[0m  SELECT  "users".* FROM "users" WHERE "users"."id" = ? LIMIT 1  [["id", 3]]
  [1m[36m (0.1ms)[0m  [1mbegin transaction[0m
  [1m[35mSQL (6.4ms)[0m  INSERT INTO "messages" ("post_id", "user_id", "author", "message", "created_at", "updated_at") VALUES (?, ?, ?, ?, ?, ?)  [["post_id", 5], ["user_id", 3], ["author", "Euad231"], ["message", "Final12312"], ["created_at", "2020-06-04 17:21:14.926275"], ["updated_at", "2020-06-04 17:21:14.926275"]]
  [1m[36m (3.4ms)[0m  [1mcommit transaction[0m
  [1m[35mPost Load (1.9ms)[0m  SELECT  "posts".* FROM "posts" WHERE "posts"."id" = ? LIMIT 1  [["id", 6]]
  [1m[36mUser Load (1.1ms)[0m  [1mSELECT  "users".* FROM "users" WHERE "users"."id" = ? LIMIT 1[0m  [["id", 4]]
  [1m[35m (0.1ms)[0m  begin transaction
  [1m[36mSQL (4.4ms)[0m  [1mINSERT INTO "messages" ("post_id", "user_id", "author", "message", "created_at", "updated_at") VALUES (?, ?, ?, ?, ?, ?)[0m  [["post_id", 6], ["user_id", 4], ["author", "Test final"], ["message", "Final12312Finalfinal"], ["created_at", "2020-06-04 17:21:32.292926"], ["updated_at", "2020-06-04 17:21:32.292926"]]
  [1m[35m (1.7ms)[0m  commit transaction
  [1m[36mPost Load (2.2ms)[0m  [1mSELECT "posts".* FROM "posts"[0m
  [1m[35mMessage Load (1.5ms)[0m  SELECT "messages".* FROM "messages"
  [1m[36mPost Load (2.0ms)[0m  [1mSELECT "posts".* FROM "posts" WHERE "posts"."blog_id" = ?[0m  [["blog_id", 5]]
  [1m[35mPost Load (1.9ms)[0m  SELECT "posts".* FROM "posts" WHERE "posts"."blog_id" = ?  [["blog_id", 5]]
  [1m[36mPost Load (2.0ms)[0m  [1mSELECT "posts".* FROM "posts" WHERE "posts"."blog_id" = ?[0m  [["blog_id", 5]]
  [1m[35mPost Load (2.2ms)[0m  SELECT "posts".* FROM "posts" WHERE "posts"."blog_id" = ?  [["blog_id", 5]]
  [1m[36mPost Load (1.9ms)[0m  [1mSELECT "posts".* FROM "posts" WHERE "posts"."blog_id" = ?[0m  [["blog_id", 5]]
  [1m[35mPost Load (2.5ms)[0m  SELECT "posts".* FROM "posts"
  [1m[36mPost Load (2.5ms)[0m  [1mSELECT  "posts".* FROM "posts" WHERE "posts"."id" = ? LIMIT 1[0m  [["id", 4]]
  [1m[35mMessage Load (1.2ms)[0m  SELECT "messages".* FROM "messages" WHERE "messages"."post_id" = ?  [["post_id", 4]]
  [1m[36mPost Load (2.0ms)[0m  [1mSELECT DISTINCT "posts".* FROM "posts" WHERE "posts"."blog_id" = ?[0m  [["blog_id", 5]]
  [1m[35mPost Load (1.2ms)[0m  SELECT "posts".* FROM "posts" WHERE "posts"."blog_id" = ?  [["blog_id", 5]]
  [1m[36mMessage Load (1.8ms)[0m  [1mSELECT "messages".* FROM "messages"[0m
  [1m[35mMessage Load (2.0ms)[0m  SELECT "messages".* FROM "messages" WHERE "messages"."id" IN (9, 10, 11)
  [1m[36mPost Load (2.0ms)[0m  [1mSELECT "posts".* FROM "posts" WHERE "posts"."blog_id" = ?[0m  [["blog_id", 5]]
  [1m[35mBlog Load (1.3ms)[0m  SELECT  "blogs".* FROM "blogs" WHERE "blogs"."id" = ? LIMIT 1  [["id", 5]]
  [1m[36mBlog Load (1.9ms)[0m  [1mSELECT  "blogs".* FROM "blogs" WHERE "blogs"."id" = ? LIMIT 1[0m  [["id", 5]]
  [1m[35mPost Load (1.4ms)[0m  SELECT "posts".* FROM "posts" WHERE "posts"."blog_id" = ?  [["blog_id", 5]]
  [1m[36mBlog Load (1.8ms)[0m  [1mSELECT  "blogs".* FROM "blogs" WHERE "blogs"."id" = ? LIMIT 1[0m  [["id", 5]]
  [1m[35mPost Load (1.2ms)[0m  SELECT "posts".* FROM "posts" WHERE "posts"."blog_id" = ?  [["blog_id", 5]]
  [1m[36mBlog Load (0.7ms)[0m  [1mSELECT  "blogs".* FROM "blogs" WHERE "blogs"."id" = ? LIMIT 1[0m  [["id", 5]]
  [1m[35mPost Load (0.7ms)[0m  SELECT "posts".* FROM "posts" WHERE "posts"."blog_id" = ?  [["blog_id", 5]]
  [1m[36mBlog Load (1.9ms)[0m  [1mSELECT  "blogs".* FROM "blogs" WHERE "blogs"."id" = ? LIMIT 1[0m  [["id", 5]]
  [1m[35mPost Load (1.5ms)[0m  SELECT  "posts".* FROM "posts" WHERE "posts"."blog_id" = ?  ORDER BY "posts"."id" ASC LIMIT 1  [["blog_id", 5]]
  [1m[36mBlog Load (1.7ms)[0m  [1mSELECT  "blogs".* FROM "blogs" WHERE "blogs"."id" = ? LIMIT 1[0m  [["id", 5]]
  [1m[35mPost Load (1.5ms)[0m  SELECT  "posts".* FROM "posts" WHERE "posts"."blog_id" = ? AND "posts"."id" = ? LIMIT 1  [["blog_id", 5], ["id", 1]]
  [1m[36mBlog Load (1.6ms)[0m  [1mSELECT  "blogs".* FROM "blogs" WHERE "blogs"."id" = ? LIMIT 1[0m  [["id", 5]]
  [1m[35mPost Load (1.8ms)[0m  SELECT "posts".* FROM "posts" WHERE "posts"."blog_id" = ?  [["blog_id", 5]]
  [1m[36mBlog Load (1.3ms)[0m  [1mSELECT  "blogs".* FROM "blogs" WHERE "blogs"."id" = ? LIMIT 1[0m  [["id", 5]]
  [1m[35mPost Load (1.4ms)[0m  SELECT "posts".* FROM "posts" WHERE "posts"."blog_id" = ?  [["blog_id", 5]]
  [1m[36mBlog Load (1.9ms)[0m  [1mSELECT  "blogs".* FROM "blogs" WHERE "blogs"."id" = ? LIMIT 1[0m  [["id", 5]]
  [1m[35mPost Load (1.3ms)[0m  SELECT "posts".* FROM "posts" WHERE "posts"."blog_id" = ?  [["blog_id", 5]]
  [1m[36mBlog Load (1.8ms)[0m  [1mSELECT  "blogs".* FROM "blogs" WHERE "blogs"."id" = ? LIMIT 1[0m  [["id", 5]]
  [1m[35mPost Load (0.8ms)[0m  SELECT "posts".* FROM "posts" WHERE "posts"."blog_id" = ?  [["blog_id", 5]]
  [1m[36mBlog Load (1.8ms)[0m  [1mSELECT  "blogs".* FROM "blogs" WHERE "blogs"."id" = ? LIMIT 1[0m  [["id", 5]]
  [1m[35mPost Load (1.6ms)[0m  SELECT "posts".* FROM "posts" WHERE "posts"."blog_id" = ?  [["blog_id", 5]]
  [1m[36mBlog Load (1.8ms)[0m  [1mSELECT  "blogs".* FROM "blogs" WHERE "blogs"."id" = ? LIMIT 1[0m  [["id", 5]]
  [1m[35mPost Load (1.7ms)[0m  SELECT "posts".* FROM "posts" WHERE "posts"."blog_id" = ?  [["blog_id", 5]]
  [1m[36mMessage Load (1.7ms)[0m  [1mSELECT "messages".* FROM "messages"[0m
  [1m[35mBlog Load (2.2ms)[0m  SELECT  "blogs".* FROM "blogs" WHERE "blogs"."id" = ? LIMIT 1  [["id", 5]]
  [1m[36mPost Load (1.7ms)[0m  [1mSELECT  "posts".* FROM "posts" WHERE "posts"."blog_id" = ?  ORDER BY "posts"."id" ASC LIMIT 1[0m  [["blog_id", 5]]
  [1m[35mBlog Load (1.8ms)[0m  SELECT  "blogs".* FROM "blogs" WHERE "blogs"."id" = ? LIMIT 1  [["id", 5]]
  [1m[36mPost Load (0.7ms)[0m  [1mSELECT  "posts".* FROM "posts" WHERE "posts"."blog_id" = ?  ORDER BY "posts"."id" ASC LIMIT 1[0m  [["blog_id", 5]]
  [1m[35mMessage Load (0.9ms)[0m  SELECT "messages".* FROM "messages" WHERE "messages"."post_id" = ?  [["post_id", 4]]
  [1m[36mBlog Load (1.9ms)[0m  [1mSELECT  "blogs".* FROM "blogs" WHERE "blogs"."id" = ? LIMIT 1[0m  [["id", 5]]
  [1m[35mPost Load (1.3ms)[0m  SELECT "posts".* FROM "posts" WHERE "posts"."blog_id" = ?  [["blog_id", 5]]
  [1m[36mBlog Load (1.8ms)[0m  [1mSELECT  "blogs".* FROM "blogs" WHERE "blogs"."id" = ? LIMIT 1[0m  [["id", 5]]
  [1m[35mPost Load (0.9ms)[0m  SELECT "posts".* FROM "posts" WHERE "posts"."blog_id" = ?  [["blog_id", 5]]
  [1m[36mBlog Load (1.8ms)[0m  [1mSELECT  "blogs".* FROM "blogs" WHERE "blogs"."id" = ? LIMIT 1[0m  [["id", 5]]
  [1m[35mPost Load (3.5ms)[0m  SELECT "posts".* FROM "posts" WHERE "posts"."blog_id" = ?  [["blog_id", 5]]
  [1m[36mBlog Load (2.0ms)[0m  [1mSELECT  "blogs".* FROM "blogs" WHERE "blogs"."id" = ? LIMIT 1[0m  [["id", 5]]
  [1m[35mPost Load (1.6ms)[0m  SELECT "posts".* FROM "posts" WHERE "posts"."blog_id" = ?  [["blog_id", 5]]
  [1m[36mBlog Load (1.8ms)[0m  [1mSELECT  "blogs".* FROM "blogs" WHERE "blogs"."id" = ? LIMIT 1[0m  [["id", 5]]
  [1m[35mPost Load (1.3ms)[0m  SELECT "posts".* FROM "posts" WHERE "posts"."blog_id" = ?  [["blog_id", 5]]
  [1m[36mBlog Load (1.7ms)[0m  [1mSELECT  "blogs".* FROM "blogs" WHERE "blogs"."id" = ? LIMIT 1[0m  [["id", 5]]
  [1m[35mPost Load (1.6ms)[0m  SELECT "posts".* FROM "posts" WHERE "posts"."blog_id" = ? AND "posts"."id" = ?  [["blog_id", 5], ["id", 4]]
  [1m[36mBlog Load (1.6ms)[0m  [1mSELECT  "blogs".* FROM "blogs" WHERE "blogs"."id" = ? LIMIT 1[0m  [["id", 5]]
  [1m[35mPost Load (2.5ms)[0m  SELECT "posts".* FROM "posts" WHERE "posts"."blog_id" = ? AND "posts"."id" = ?  [["blog_id", 5], ["id", 4]]
  [1m[36mBlog Load (2.0ms)[0m  [1mSELECT  "blogs".* FROM "blogs" WHERE "blogs"."id" = ? LIMIT 1[0m  [["id", 5]]
  [1m[35mPost Load (1.3ms)[0m  SELECT  "posts".* FROM "posts" WHERE "posts"."blog_id" = ?  ORDER BY "posts"."id" ASC LIMIT 1  [["blog_id", 5]]
  [1m[36mMessage Load (0.7ms)[0m  [1mSELECT "messages".* FROM "messages" WHERE "messages"."post_id" = ?[0m  [["post_id", 4]]
  [1m[35mBlog Load (1.8ms)[0m  SELECT  "blogs".* FROM "blogs" WHERE "blogs"."id" = ? LIMIT 1  [["id", 5]]
  [1m[36mPost Load (1.6ms)[0m  [1mSELECT  "posts".* FROM "posts" WHERE "posts"."blog_id" = ?  ORDER BY "posts"."id" ASC LIMIT 1 OFFSET 1[0m  [["blog_id", 5]]
  [1m[35mMessage Load (1.2ms)[0m  SELECT "messages".* FROM "messages" WHERE "messages"."post_id" = ?  [["post_id", 5]]
  [1m[36mBlog Load (1.2ms)[0m  [1mSELECT  "blogs".* FROM "blogs" WHERE "blogs"."id" = ? LIMIT 1[0m  [["id", 5]]
  [1m[35mPost Load (3.7ms)[0m  SELECT "posts".* FROM "posts" WHERE "posts"."blog_id" = ?  [["blog_id", 5]]
  [1m[36mBlog Load (1.9ms)[0m  [1mSELECT  "blogs".* FROM "blogs" WHERE "blogs"."id" = ? LIMIT 1[0m  [["id", 5]]
  [1m[35mUser Load (2.2ms)[0m  SELECT "users".* FROM "users" INNER JOIN "owners" ON "users"."id" = "owners"."user_id" WHERE "owners"."blog_id" = ?  [["blog_id", 5]]
  [1m[36mBlog Load (1.9ms)[0m  [1mSELECT  "blogs".* FROM "blogs" WHERE "blogs"."id" = ? LIMIT 1[0m  [["id", 5]]
  [1m[35mUser Load (1.5ms)[0m  SELECT "users".* FROM "users" INNER JOIN "owners" ON "users"."id" = "owners"."user_id" WHERE "owners"."blog_id" = ?  [["blog_id", 5]]
  [1m[36mBlog Load (1.8ms)[0m  [1mSELECT  "blogs".* FROM "blogs" WHERE "blogs"."id" = ? LIMIT 1[0m  [["id", 5]]
  [1m[35mUser Load (1.3ms)[0m  SELECT "users".* FROM "users" INNER JOIN "owners" ON "users"."id" = "owners"."user_id" WHERE "owners"."blog_id" = ?  [["blog_id", 5]]
  [1m[36mBlog Load (1.6ms)[0m  [1mSELECT  "blogs".* FROM "blogs" WHERE "blogs"."id" = ? LIMIT 1[0m  [["id", 5]]
  [1m[35mUser Load (1.3ms)[0m  SELECT "users".* FROM "users" INNER JOIN "posts" ON "users"."id" = "posts"."user_id" WHERE "posts"."blog_id" = ?  [["blog_id", 5]]
  [1m[36mBlog Load (1.9ms)[0m  [1mSELECT  "blogs".* FROM "blogs" WHERE "blogs"."id" = ? LIMIT 1[0m  [["id", 5]]
  [1m[35mPost Load (1.7ms)[0m  SELECT "posts".* FROM "posts" WHERE "posts"."blog_id" = ?  [["blog_id", 5]]
  [1m[36mBlog Load (1.3ms)[0m  [1mSELECT  "blogs".* FROM "blogs" WHERE "blogs"."id" = ? LIMIT 1[0m  [["id", 5]]
  [1m[35mPost Load (1.0ms)[0m  SELECT "posts".* FROM "posts" WHERE "posts"."blog_id" = ?  [["blog_id", 5]]
  [1m[36mBlog Load (0.8ms)[0m  [1mSELECT  "blogs".* FROM "blogs" WHERE "blogs"."id" = ? LIMIT 1[0m  [["id", 5]]
  [1m[35mPost Load (0.6ms)[0m  SELECT "posts".* FROM "posts" WHERE "posts"."blog_id" = ?  [["blog_id", 5]]
  [1m[36mBlog Load (1.0ms)[0m  [1mSELECT  "blogs".* FROM "blogs" WHERE "blogs"."id" = ? LIMIT 1[0m  [["id", 5]]
  [1m[35mPost Load (1.0ms)[0m  SELECT "posts".* FROM "posts" WHERE "posts"."blog_id" = ?  [["blog_id", 5]]
  [1m[36mBlog Load (1.2ms)[0m  [1mSELECT  "blogs".* FROM "blogs" WHERE "blogs"."id" = ? LIMIT 1[0m  [["id", 5]]
  [1m[35mPost Load (0.9ms)[0m  SELECT "posts".* FROM "posts" WHERE "posts"."blog_id" = ?  [["blog_id", 5]]
  [1m[36mBlog Load (1.3ms)[0m  [1mSELECT  "blogs".* FROM "blogs" WHERE "blogs"."id" = ? LIMIT 1[0m  [["id", 5]]
  [1m[35mPost Load (1.4ms)[0m  SELECT "posts".* FROM "posts" WHERE "posts"."blog_id" = ?  [["blog_id", 5]]
  [1m[36mBlog Load (1.0ms)[0m  [1mSELECT  "blogs".* FROM "blogs" WHERE "blogs"."id" = ? LIMIT 1[0m  [["id", 5]]
  [1m[35mBlog Load (1.2ms)[0m  SELECT  "blogs".* FROM "blogs" WHERE "blogs"."id" = ? LIMIT 1  [["id", 5]]
  [1m[36mBlog Load (0.9ms)[0m  [1mSELECT  "blogs".* FROM "blogs" WHERE "blogs"."id" = ? LIMIT 1[0m  [["id", 5]]
  [1m[35mPost Load (0.6ms)[0m  SELECT "posts".* FROM "posts" WHERE "posts"."blog_id" = ?  [["blog_id", 5]]
  [1m[36mBlog Load (2.0ms)[0m  [1mSELECT  "blogs".* FROM "blogs" WHERE "blogs"."id" = ? LIMIT 1[0m  [["id", 5]]
  [1m[35mPost Load (1.9ms)[0m  SELECT  "posts".* FROM "posts" WHERE "posts"."blog_id" = ?  ORDER BY "posts"."id" ASC LIMIT 1  [["blog_id", 5]]
  [1m[36mMessage Load (1.6ms)[0m  [1mSELECT "messages".* FROM "messages" WHERE "messages"."post_id" = ?[0m  [["post_id", 4]]
  [1m[35mBlog Load (1.3ms)[0m  SELECT  "blogs".* FROM "blogs" WHERE "blogs"."id" = ? LIMIT 1  [["id", 5]]
  [1m[36mPost Load (1.7ms)[0m  [1mSELECT "posts".* FROM "posts" WHERE "posts"."blog_id" = ? AND "posts"."id" = ?[0m  [["blog_id", 5], ["id", 4]]
  [1m[35mBlog Load (1.6ms)[0m  SELECT  "blogs".* FROM "blogs" WHERE "blogs"."id" = ? LIMIT 1  [["id", 5]]
  [1m[36mPost Load (1.7ms)[0m  [1mSELECT "posts".* FROM "posts" WHERE "posts"."blog_id" = ?[0m  [["blog_id", 5]]
  [1m[35mBlog Load (1.7ms)[0m  SELECT  "blogs".* FROM "blogs" WHERE "blogs"."id" = ? LIMIT 1  [["id", 5]]
  [1m[36mPost Load (0.8ms)[0m  [1mSELECT "posts".* FROM "posts" WHERE "posts"."blog_id" = ?[0m  [["blog_id", 5]]
  [1m[35mBlog Load (2.6ms)[0m  SELECT  "blogs".* FROM "blogs" WHERE "blogs"."id" = ? LIMIT 1  [["id", 5]]
  [1m[36mPost Load (1.1ms)[0m  [1mSELECT "posts".* FROM "posts" WHERE "posts"."blog_id" = ?[0m  [["blog_id", 5]]
  [1m[35mBlog Load (1.9ms)[0m  SELECT  "blogs".* FROM "blogs" WHERE "blogs"."id" = ? LIMIT 1  [["id", 5]]
  [1m[36mPost Load (1.9ms)[0m  [1mSELECT "posts".* FROM "posts" WHERE "posts"."blog_id" = ?[0m  [["blog_id", 5]]
  [1m[35mBlog Load (1.1ms)[0m  SELECT  "blogs".* FROM "blogs" WHERE "blogs"."id" = ? LIMIT 1  [["id", 5]]
  [1m[36mPost Load (1.0ms)[0m  [1mSELECT "posts".* FROM "posts" WHERE "posts"."blog_id" = ?[0m  [["blog_id", 5]]
  [1m[35mBlog Load (1.8ms)[0m  SELECT  "blogs".* FROM "blogs" WHERE "blogs"."id" = ? LIMIT 1  [["id", 5]]
  [1m[36mPost Load (1.6ms)[0m  [1mSELECT "posts".* FROM "posts" WHERE "posts"."blog_id" = ?[0m  [["blog_id", 5]]
  [1m[35mBlog Load (1.7ms)[0m  SELECT  "blogs".* FROM "blogs" WHERE "blogs"."id" = ? LIMIT 1  [["id", 5]]
  [1m[36mPost Load (1.9ms)[0m  [1mSELECT "posts".* FROM "posts" WHERE "posts"."blog_id" = ?[0m  [["blog_id", 5]]
  [1m[35mBlog Load (1.8ms)[0m  SELECT  "blogs".* FROM "blogs" WHERE "blogs"."id" = ? LIMIT 1  [["id", 5]]
  [1m[36mPost Load (1.8ms)[0m  [1mSELECT  "posts".* FROM "posts" WHERE "posts"."blog_id" = ?  ORDER BY "posts"."id" DESC LIMIT 1[0m  [["blog_id", 5]]
  [1m[35mMessage Load (2.1ms)[0m  SELECT "messages".* FROM "messages" WHERE "messages"."post_id" = ?  [["post_id", 8]]
  [1m[36mBlog Load (2.1ms)[0m  [1mSELECT  "blogs".* FROM "blogs" WHERE "blogs"."id" = ? LIMIT 1[0m  [["id", 5]]
  [1m[35mPost Load (1.4ms)[0m  SELECT  "posts".* FROM "posts" WHERE "posts"."blog_id" = ?  ORDER BY "posts"."id" ASC LIMIT 1  [["blog_id", 5]]
  [1m[36mMessage Load (1.4ms)[0m  [1mSELECT "messages".* FROM "messages" WHERE "messages"."post_id" = ?[0m  [["post_id", 4]]
  [1m[35mBlog Load (23.3ms)[0m  SELECT  "blogs".* FROM "blogs" WHERE "blogs"."id" = ? LIMIT 1  [["id", 5]]
  [1m[36mBlog Load (2.0ms)[0m  [1mSELECT  "blogs".* FROM "blogs" WHERE "blogs"."id" = ? LIMIT 1[0m  [["id", 5]]
  [1m[35mPost Load (1.6ms)[0m  SELECT "posts".* FROM "posts" WHERE "posts"."blog_id" = ?  [["blog_id", 5]]
  [1m[36mBlog Load (1.5ms)[0m  [1mSELECT  "blogs".* FROM "blogs" WHERE "blogs"."id" = ? LIMIT 1[0m  [["id", 5]]
  [1m[35mPost Load (2.1ms)[0m  SELECT "posts".* FROM "posts" WHERE "posts"."blog_id" = ?  [["blog_id", 5]]
  [1m[36mBlog Load (1.1ms)[0m  [1mSELECT  "blogs".* FROM "blogs" WHERE "blogs"."id" = ? LIMIT 1[0m  [["id", 5]]
  [1m[35mUser Load (1.0ms)[0m  SELECT "users".* FROM "users" INNER JOIN "owners" ON "users"."id" = "owners"."user_id" WHERE "owners"."blog_id" = ?  [["blog_id", 5]]
  [1m[36mBlog Load (1.4ms)[0m  [1mSELECT  "blogs".* FROM "blogs" WHERE "blogs"."id" = ? LIMIT 1[0m  [["id", 5]]
  [1m[35mBlog Load (2.1ms)[0m  SELECT  "blogs".* FROM "blogs" WHERE "blogs"."id" = ? LIMIT 1  [["id", 5]]
  [1m[36mUser Load (2.2ms)[0m  [1mSELECT "users".* FROM "users" INNER JOIN "posts" ON "users"."id" = "posts"."user_id" WHERE "posts"."blog_id" = ?[0m  [["blog_id", 5]]
  [1m[35mBlog Load (2.0ms)[0m  SELECT  "blogs".* FROM "blogs" WHERE "blogs"."id" = ? LIMIT 1  [["id", 5]]
  [1m[36mUser Load (2.5ms)[0m  [1mSELECT "users".* FROM "users" INNER JOIN "posts" ON "users"."id" = "posts"."user_id" WHERE "posts"."blog_id" = ?[0m  [["blog_id", 5]]
  [1m[35mBlog Load (4.8ms)[0m  SELECT  "blogs".* FROM "blogs" WHERE "blogs"."id" = ? LIMIT 1  [["id", 5]]
  [1m[36mUser Load (1.9ms)[0m  [1mSELECT "users".* FROM "users" INNER JOIN "posts" ON "users"."id" = "posts"."user_id" WHERE "posts"."blog_id" = ?[0m  [["blog_id", 5]]
  [1m[35mBlog Load (1.7ms)[0m  SELECT  "blogs".* FROM "blogs" WHERE "blogs"."id" = ? LIMIT 1  [["id", 5]]
  [1m[36mUser Load (1.6ms)[0m  [1mSELECT "users".* FROM "users" INNER JOIN "posts" ON "users"."id" = "posts"."user_id" WHERE "posts"."blog_id" = ?[0m  [["blog_id", 5]]
  [1m[35mBlog Load (1.8ms)[0m  SELECT  "blogs".* FROM "blogs" WHERE "blogs"."id" = ? LIMIT 1  [["id", 5]]
  [1m[36mPost Load (1.4ms)[0m  [1mSELECT "posts".* FROM "posts" WHERE "posts"."blog_id" = ?[0m  [["blog_id", 5]]
  [1m[35mBlog Load (2.0ms)[0m  SELECT  "blogs".* FROM "blogs" WHERE "blogs"."id" = ? LIMIT 1  [["id", 5]]
  [1m[36mPost Load (1.8ms)[0m  [1mSELECT "posts".* FROM "posts" WHERE "posts"."blog_id" = ?[0m  [["blog_id", 5]]
  [1m[35mBlog Load (2.3ms)[0m  SELECT  "blogs".* FROM "blogs" WHERE "blogs"."id" = ? LIMIT 1  [["id", 5]]
  [1m[36mPost Load (2.6ms)[0m  [1mSELECT "posts".* FROM "posts" WHERE "posts"."blog_id" = ?[0m  [["blog_id", 5]]
  [1m[35mBlog Load (1.9ms)[0m  SELECT  "blogs".* FROM "blogs" WHERE "blogs"."id" = ? LIMIT 1  [["id", 5]]
  [1m[36mPost Load (1.4ms)[0m  [1mSELECT "posts".* FROM "posts" WHERE "posts"."blog_id" = ?[0m  [["blog_id", 5]]
  [1m[35mBlog Load (1.8ms)[0m  SELECT  "blogs".* FROM "blogs" WHERE "blogs"."id" = ? LIMIT 1  [["id", 5]]
  [1m[36mPost Load (0.8ms)[0m  [1mSELECT "posts".* FROM "posts" WHERE "posts"."blog_id" = ?[0m  [["blog_id", 5]]
  [1m[35mBlog Load (1.6ms)[0m  SELECT  "blogs".* FROM "blogs" WHERE "blogs"."id" = ? LIMIT 1  [["id", 5]]
  [1m[36mPost Load (1.7ms)[0m  [1mSELECT "posts".* FROM "posts" WHERE "posts"."blog_id" = ?[0m  [["blog_id", 5]]
  [1m[35mBlog Load (1.7ms)[0m  SELECT  "blogs".* FROM "blogs" WHERE "blogs"."id" = ? LIMIT 1  [["id", 5]]
  [1m[36mPost Load (1.5ms)[0m  [1mSELECT "posts".* FROM "posts" WHERE "posts"."blog_id" = ? AND "posts"."id" IN (4, 5, 6, 7, 8)[0m  [["blog_id", 5]]
  [1m[35mBlog Load (1.9ms)[0m  SELECT  "blogs".* FROM "blogs" WHERE "blogs"."id" = ? LIMIT 1  [["id", 5]]
  [1m[36mPost Load (1.7ms)[0m  [1mSELECT "posts".* FROM "posts" WHERE "posts"."blog_id" = ? AND "posts"."id" IN (4, 5, 6, 7, 8)[0m  [["blog_id", 5]]
  [1m[35mBlog Load (2.3ms)[0m  SELECT  "blogs".* FROM "blogs" WHERE "blogs"."id" = ? LIMIT 1  [["id", 5]]
  [1m[36mBlog Load (1.9ms)[0m  [1mSELECT  "blogs".* FROM "blogs" WHERE "blogs"."id" = ? LIMIT 1[0m  [["id", 5]]
  [1m[35mPost Load (1.7ms)[0m  SELECT  "posts".* FROM "posts" WHERE "posts"."blog_id" = ? AND "posts"."id" = ? LIMIT 1  [["blog_id", 5], ["id", 4]]
  [1m[36mBlog Load (1.3ms)[0m  [1mSELECT  "blogs".* FROM "blogs" WHERE "blogs"."id" = ? LIMIT 1[0m  [["id", 5]]
  [1m[35mPost Load (2.0ms)[0m  SELECT  "posts".* FROM "posts" WHERE "posts"."blog_id" = ? AND "posts"."id" = ? LIMIT 1  [["blog_id", 5], ["id", 4]]
  [1m[36mMessage Load (1.4ms)[0m  [1mSELECT "messages".* FROM "messages" WHERE "messages"."post_id" = ?[0m  [["post_id", 4]]
  [1m[35mBlog Load (1.4ms)[0m  SELECT  "blogs".* FROM "blogs" WHERE "blogs"."id" = ? LIMIT 1  [["id", 5]]
  [1m[36mPost Load (1.0ms)[0m  [1mSELECT "posts".* FROM "posts" WHERE "posts"."blog_id" = ? AND "posts"."id" IN (4, 5, 6, 7, 8)[0m  [["blog_id", 5]]
  [1m[35mBlog Load (2.2ms)[0m  SELECT  "blogs".* FROM "blogs" WHERE "blogs"."id" = ? LIMIT 1  [["id", 5]]
  [1m[36mPost Load (1.7ms)[0m  [1mSELECT "posts".* FROM "posts" WHERE "posts"."blog_id" = ? AND "posts"."id" IN (4, 5, 6, 7, 8)[0m  [["blog_id", 5]]
  [1m[35mBlog Load (1.8ms)[0m  SELECT  "blogs".* FROM "blogs" WHERE "blogs"."id" = ? LIMIT 1  [["id", 5]]
  [1m[36mPost Load (1.6ms)[0m  [1mSELECT  "posts".* FROM "posts" WHERE "posts"."blog_id" = ? AND "posts"."id" = ? LIMIT 1[0m  [["blog_id", 5], ["id", 4]]
  [1m[35mBlog Load (2.0ms)[0m  SELECT  "blogs".* FROM "blogs" WHERE "blogs"."id" = ? LIMIT 1  [["id", 5]]
  [1m[36mPost Load (1.8ms)[0m  [1mSELECT "posts".* FROM "posts" WHERE "posts"."blog_id" = ? AND "posts"."id" IN (4, 5)[0m  [["blog_id", 5]]
  [1m[35mBlog Load (1.8ms)[0m  SELECT  "blogs".* FROM "blogs" WHERE "blogs"."id" = ? LIMIT 1  [["id", 5]]
  [1m[36mPost Load (1.3ms)[0m  [1mSELECT "posts".* FROM "posts" WHERE "posts"."blog_id" = ? AND "posts"."id" IN (4, 5, 6, 7, 8)[0m  [["blog_id", 5]]
  [1m[35mBlog Load (1.2ms)[0m  SELECT  "blogs".* FROM "blogs" WHERE "blogs"."id" = ? LIMIT 1  [["id", 5]]
  [1m[36mPost Load (1.2ms)[0m  [1mSELECT "posts".* FROM "posts" WHERE "posts"."blog_id" = ? AND "posts"."id" IN (4, 5, 6, 7, 8)[0m  [["blog_id", 5]]
  [1m[35mBlog Load (1.9ms)[0m  SELECT  "blogs".* FROM "blogs" WHERE "blogs"."id" = ? LIMIT 1  [["id", 5]]
  [1m[36mPost Load (1.7ms)[0m  [1mSELECT "posts".* FROM "posts" WHERE "posts"."blog_id" = ? AND "posts"."id" IN (4, 5, 6, 7, 8)[0m  [["blog_id", 5]]
  [1m[35mBlog Load (1.8ms)[0m  SELECT  "blogs".* FROM "blogs" WHERE "blogs"."id" = ? LIMIT 1  [["id", 5]]
  [1m[36mPost Load (1.4ms)[0m  [1mSELECT "posts".* FROM "posts" WHERE "posts"."blog_id" = ? AND "posts"."id" IN (4, 5, 6, 7, 8)[0m  [["blog_id", 5]]
  [1m[35mBlog Load (1.1ms)[0m  SELECT  "blogs".* FROM "blogs" WHERE "blogs"."id" = ? LIMIT 1  [["id", 5]]
  [1m[36mPost Load (1.2ms)[0m  [1mSELECT "posts".* FROM "posts" WHERE "posts"."blog_id" = ? AND "posts"."id" IN (4, 5, 6, 7, 8)[0m  [["blog_id", 5]]
  [1m[35mBlog Load (1.0ms)[0m  SELECT  "blogs".* FROM "blogs" WHERE "blogs"."id" = ? LIMIT 1  [["id", 5]]
  [1m[36mBlog Load (1.0ms)[0m  [1mSELECT  "blogs".* FROM "blogs" WHERE "blogs"."id" = ? LIMIT 1[0m  [["id", 5]]
  [1m[35mBlog Load (2.0ms)[0m  SELECT  "blogs".* FROM "blogs" WHERE "blogs"."id" = ? LIMIT 1  [["id", 5]]
  [1m[36mPost Load (1.5ms)[0m  [1mSELECT "posts".* FROM "posts" WHERE "posts"."blog_id" = ? AND "posts"."id" IN (4, 5, 6, 7, 8)[0m  [["blog_id", 5]]
  [1m[35mBlog Load (1.8ms)[0m  SELECT  "blogs".* FROM "blogs" WHERE "blogs"."id" = ? LIMIT 1  [["id", 5]]
  [1m[36mPost Load (1.5ms)[0m  [1mSELECT "posts".* FROM "posts" WHERE "posts"."blog_id" = ? AND "posts"."id" IN (4, 5, 6, 7, 8)[0m  [["blog_id", 5]]
  [1m[35mBlog Load (0.6ms)[0m  SELECT  "blogs".* FROM "blogs" WHERE "blogs"."id" = ? LIMIT 1  [["id", 5]]
  [1m[36mMessage Load (0.6ms)[0m  [1mSELECT "messages".* FROM "messages" INNER JOIN "posts" ON "messages"."post_id" = "posts"."id" WHERE "posts"."blog_id" = ?[0m  [["blog_id", 5]]
  [1m[35mMessage Load (2.2ms)[0m  SELECT "messages".* FROM "messages" INNER JOIN "posts" ON "posts"."id" = "messages"."post_id" INNER JOIN "blogs" ON "blogs"."id" = "posts"."blog_id" WHERE "blogs"."id" = 5
  [1m[36mBlog Load (1.0ms)[0m  [1mSELECT  "blogs".* FROM "blogs"  ORDER BY "blogs"."id" ASC LIMIT 1[0m
  [1m[35mOwner Load (0.7ms)[0m  SELECT "owners".* FROM "owners" WHERE "owners"."blog_id" = ?  [["blog_id", 1]]
  [1m[36mOwner Load (1.3ms)[0m  [1mSELECT "owners".* FROM "owners"[0m
  [1m[35mOwner Load (2.0ms)[0m  SELECT  "owners".* FROM "owners"  ORDER BY "owners"."id" ASC LIMIT 1
  [1m[36mOwner Load (2.0ms)[0m  [1mSELECT  "owners".* FROM "owners"  ORDER BY "owners"."id" ASC LIMIT 1[0m
  [1m[35mUser Load (2.4ms)[0m  SELECT  "users".* FROM "users"  ORDER BY "users"."id" ASC LIMIT 1 OFFSET 1
  [1m[36m (0.1ms)[0m  [1mbegin transaction[0m
  [1m[35mSQL (7.2ms)[0m  UPDATE "owners" SET "user_id" = ?, "updated_at" = ? WHERE "owners"."id" = ?  [["user_id", 2], ["updated_at", "2020-06-04 19:22:17.917680"], ["id", 2]]
  [1m[36m (2.7ms)[0m  [1mcommit transaction[0m
  [1m[35mOwner Load (2.0ms)[0m  SELECT "owners".* FROM "owners"
  [1m[36mOwner Load (6.4ms)[0m  [1mSELECT "owners".* FROM "owners"[0m
  [1m[35mOwner Load (1.5ms)[0m  SELECT "owners".* FROM "owners"
  [1m[36mBlog Load (0.8ms)[0m  [1mSELECT  "blogs".* FROM "blogs"  ORDER BY "blogs"."id" ASC LIMIT 1[0m
  [1m[35mOwner Load (0.9ms)[0m  SELECT "owners".* FROM "owners" WHERE "owners"."blog_id" = ?  [["blog_id", 1]]
  [1m[36mBlog Load (1.6ms)[0m  [1mSELECT  "blogs".* FROM "blogs"  ORDER BY "blogs"."id" ASC LIMIT 1[0m
  [1m[35mOwner Load (1.0ms)[0m  SELECT "owners".* FROM "owners" WHERE "owners"."blog_id" = ?  [["blog_id", 1]]
  [1m[36mBlog Load (1.9ms)[0m  [1mSELECT  "blogs".* FROM "blogs"  ORDER BY "blogs"."id" ASC LIMIT 1[0m
  [1m[35mOwner Load (0.9ms)[0m  SELECT "owners".* FROM "owners" WHERE "owners"."blog_id" = ?  [["blog_id", 1]]
  [1m[36mBlog Load (2.0ms)[0m  [1mSELECT  "blogs".* FROM "blogs"  ORDER BY "blogs"."id" ASC LIMIT 1[0m
  [1m[35mOwner Load (0.7ms)[0m  SELECT  "owners".* FROM "owners" WHERE "owners"."blog_id" = ? AND "owners"."id" = ? LIMIT 1  [["blog_id", 1], ["id", 2]]
  [1m[36mBlog Load (1.3ms)[0m  [1mSELECT  "blogs".* FROM "blogs"  ORDER BY "blogs"."id" ASC LIMIT 1[0m
  [1m[35mOwner Load (0.7ms)[0m  SELECT  "owners".* FROM "owners" WHERE "owners"."blog_id" = ? AND "owners"."id" = ? LIMIT 1  [["blog_id", 1], ["id", 2]]
  [1m[36mUser Load (1.0ms)[0m  [1mSELECT  "users".* FROM "users" WHERE "users"."id" = ? LIMIT 1[0m  [["id", 2]]
  [1m[35mBlog Load (0.5ms)[0m  SELECT  "blogs".* FROM "blogs"  ORDER BY "blogs"."id" ASC LIMIT 1
  [1m[36mOwner Load (0.7ms)[0m  [1mSELECT "owners".* FROM "owners" WHERE "owners"."blog_id" = ?[0m  [["blog_id", 1]]
  [1m[35mBlog Load (0.9ms)[0m  SELECT  "blogs".* FROM "blogs"  ORDER BY "blogs"."id" ASC LIMIT 1
  [1m[36mOwner Load (0.5ms)[0m  [1mSELECT "owners".* FROM "owners" WHERE "owners"."blog_id" = ?[0m  [["blog_id", 1]]
  [1m[35mBlog Load (0.9ms)[0m  SELECT  "blogs".* FROM "blogs"  ORDER BY "blogs"."id" ASC LIMIT 1
  [1m[36mOwner Load (0.9ms)[0m  [1mSELECT "owners".* FROM "owners" WHERE "owners"."blog_id" = ?[0m  [["blog_id", 1]]
  [1m[35mBlog Load (1.4ms)[0m  SELECT  "blogs".* FROM "blogs"  ORDER BY "blogs"."id" ASC LIMIT 1
DEPRECATION WARNING: Ambiguous source reflection for through association.  Please specify a :source directive on your declaration like:

  class Blog < ActiveRecord::Base
    has_many :users, {:through=>:owners, :source=>"user"}
  end. (called from irb_binding at (irb):14)
  [1m[36mUser Load (1.7ms)[0m  [1mSELECT "users".* FROM "users" INNER JOIN "owners" ON "users"."id" = "owners"."user_id" WHERE "owners"."blog_id" = ?[0m  [["blog_id", 1]]
  [1m[35mBlog Load (1.5ms)[0m  SELECT  "blogs".* FROM "blogs"  ORDER BY "blogs"."id" ASC LIMIT 1
  [1m[36mBlog Load (1.6ms)[0m  [1mSELECT  "blogs".* FROM "blogs"  ORDER BY "blogs"."id" ASC LIMIT 1[0m
  [1m[35mOwner Load (1.1ms)[0m  SELECT "owners".* FROM "owners" WHERE "owners"."blog_id" = ?  [["blog_id", 1]]
  [1m[36mBlog Load (1.6ms)[0m  [1mSELECT  "blogs".* FROM "blogs"  ORDER BY "blogs"."id" ASC LIMIT 1[0m
  [1m[35mOwner Load (1.1ms)[0m  SELECT "owners".* FROM "owners" WHERE "owners"."blog_id" = ? AND "owners"."id" IN (2, 7)  [["blog_id", 1]]
  [1m[36mBlog Load (1.0ms)[0m  [1mSELECT  "blogs".* FROM "blogs"  ORDER BY "blogs"."id" ASC LIMIT 1[0m
  [1m[35mOwner Load (1.1ms)[0m  SELECT "owners".* FROM "owners" WHERE "owners"."blog_id" = ? AND "owners"."id" IN (2, 7)  [["blog_id", 1]]
  [1m[36mBlog Load (2.8ms)[0m  [1mSELECT  "blogs".* FROM "blogs"  ORDER BY "blogs"."id" ASC LIMIT 1[0m
  [1m[35mOwner Load (1.6ms)[0m  SELECT "owners".* FROM "owners" WHERE "owners"."blog_id" = ?  [["blog_id", 1]]
  [1m[36mBlog Load (2.5ms)[0m  [1mSELECT  "blogs".* FROM "blogs"  ORDER BY "blogs"."id" ASC LIMIT 1[0m
  [1m[35mOwner Load (0.9ms)[0m  SELECT "owners".* FROM "owners" WHERE "owners"."blog_id" = ?  [["blog_id", 1]]
  [1m[36mBlog Load (1.4ms)[0m  [1mSELECT  "blogs".* FROM "blogs"  ORDER BY "blogs"."id" ASC LIMIT 1[0m
  [1m[35mUser Load (0.9ms)[0m  SELECT "users".* FROM "users" INNER JOIN "owners" ON "users"."id" = "owners"."user_id" WHERE "owners"."blog_id" = ?  [["blog_id", 1]]
  [1m[36mBlog Load (1.5ms)[0m  [1mSELECT  "blogs".* FROM "blogs"  ORDER BY "blogs"."id" ASC LIMIT 1[0m
  [1m[35mOwner Load (1.3ms)[0m  SELECT "owners".* FROM "owners" WHERE "owners"."blog_id" = ?  [["blog_id", 1]]
  [1m[36mBlog Load (5.5ms)[0m  [1mSELECT  "blogs".* FROM "blogs"  ORDER BY "blogs"."id" ASC LIMIT 1[0m
  [1m[35mOwner Load (1.8ms)[0m  SELECT "owners".* FROM "owners" WHERE "owners"."blog_id" = ?  [["blog_id", 1]]
  [1m[36mOwner Load (1.3ms)[0m  [1mSELECT "owners".* FROM "owners"[0m
  [1m[35mBlog Load (5.5ms)[0m  SELECT  "blogs".* FROM "blogs"  ORDER BY "blogs"."id" ASC LIMIT 1
  [1m[36mUser Load (1.7ms)[0m  [1mSELECT "users".* FROM "users" INNER JOIN "owners" ON "users"."id" = "owners"."user_id" WHERE "owners"."blog_id" = ?[0m  [["blog_id", 1]]
  [1m[35mBlog Load (5.0ms)[0m  SELECT  "blogs".* FROM "blogs"  ORDER BY "blogs"."id" ASC LIMIT 1
  [1m[36mOwner Load (1.4ms)[0m  [1mSELECT "owners".* FROM "owners" WHERE "owners"."blog_id" = ?[0m  [["blog_id", 1]]
  [1m[36mComment Load (3.0ms)[0m  [1mSELECT "comments".* FROM "comments"[0m
  [1m[36mActiveRecord::SchemaMigration Load (1.0ms)[0m  [1mSELECT "schema_migrations".* FROM "schema_migrations"[0m
Migrating to CreateComments (20200604204947)
  [1m[35m (0.1ms)[0m  begin transaction
  [1m[36m (1.8ms)[0m  [1mCREATE TABLE "comments" ("id" INTEGER PRIMARY KEY AUTOINCREMENT NOT NULL, "commentable_id" integer, "commentable_type" varchar, "created_at" datetime NOT NULL, "updated_at" datetime NOT NULL) [0m
  [1m[35m (0.1ms)[0m  select sqlite_version(*)
  [1m[36m (0.1ms)[0m  [1mCREATE  INDEX "index_comments_on_commentable_type_and_commentable_id" ON "comments" ("commentable_type", "commentable_id")[0m
  [1m[35mSQL (0.5ms)[0m  INSERT INTO "schema_migrations" ("version") VALUES (?)  [["version", "20200604204947"]]
  [1m[36m (1.4ms)[0m  [1mcommit transaction[0m
  [1m[35mActiveRecord::SchemaMigration Load (1.0ms)[0m  SELECT "schema_migrations".* FROM "schema_migrations"
  [1m[36m (0.6ms)[0m  [1m            SELECT sql
            FROM sqlite_master
            WHERE name='index_comments_on_commentable_type_and_commentable_id' AND type='index'
            UNION ALL
            SELECT sql
            FROM sqlite_temp_master
            WHERE name='index_comments_on_commentable_type_and_commentable_id' AND type='index'
[0m
  [1m[35m (0.5ms)[0m              SELECT sql
            FROM sqlite_master
            WHERE name='index_messages_on_user_id' AND type='index'
            UNION ALL
            SELECT sql
            FROM sqlite_temp_master
            WHERE name='index_messages_on_user_id' AND type='index'

  [1m[36m (0.7ms)[0m  [1m            SELECT sql
            FROM sqlite_master
            WHERE name='index_messages_on_post_id' AND type='index'
            UNION ALL
            SELECT sql
            FROM sqlite_temp_master
            WHERE name='index_messages_on_post_id' AND type='index'
[0m
  [1m[35m (1.2ms)[0m              SELECT sql
            FROM sqlite_master
            WHERE name='index_owners_on_blog_id' AND type='index'
            UNION ALL
            SELECT sql
            FROM sqlite_temp_master
            WHERE name='index_owners_on_blog_id' AND type='index'

  [1m[36m (1.0ms)[0m  [1m            SELECT sql
            FROM sqlite_master
            WHERE name='index_owners_on_user_id' AND type='index'
            UNION ALL
            SELECT sql
            FROM sqlite_temp_master
            WHERE name='index_owners_on_user_id' AND type='index'
[0m
  [1m[35m (0.5ms)[0m              SELECT sql
            FROM sqlite_master
            WHERE name='index_posts_on_user_id' AND type='index'
            UNION ALL
            SELECT sql
            FROM sqlite_temp_master
            WHERE name='index_posts_on_user_id' AND type='index'

  [1m[36m (0.4ms)[0m  [1m            SELECT sql
            FROM sqlite_master
            WHERE name='index_posts_on_blog_id' AND type='index'
            UNION ALL
            SELECT sql
            FROM sqlite_temp_master
            WHERE name='index_posts_on_blog_id' AND type='index'
[0m
  [1m[36m (0.1ms)[0m  [1mbegin transaction[0m
  [1m[35mSQL (2.0ms)[0m  INSERT INTO "comments" ("commentable_id", "commentable_type", "created_at", "updated_at") VALUES (?, ?, ?, ?)  [["commentable_id", 1], ["commentable_type", "Blog"], ["created_at", "2020-06-04 20:58:13.259108"], ["updated_at", "2020-06-04 20:58:13.259108"]]
  [1m[36m (4.8ms)[0m  [1mcommit transaction[0m
  [1m[35mComment Load (1.5ms)[0m  SELECT "comments".* FROM "comments"
  [1m[36mComment Load (1.3ms)[0m  [1mSELECT "comments".* FROM "comments"[0m
  [1m[35mBlog Load (0.7ms)[0m  SELECT  "blogs".* FROM "blogs"  ORDER BY "blogs"."id" ASC LIMIT 1 OFFSET 1
  [1m[36m (0.0ms)[0m  [1mbegin transaction[0m
  [1m[35mSQL (2.4ms)[0m  INSERT INTO "comments" ("commentable_id", "commentable_type", "created_at", "updated_at") VALUES (?, ?, ?, ?)  [["commentable_id", 2], ["commentable_type", "Blog"], ["created_at", "2020-06-04 20:59:33.818121"], ["updated_at", "2020-06-04 20:59:33.818121"]]
  [1m[36m (2.1ms)[0m  [1mcommit transaction[0m
  [1m[35mBlog Load (1.4ms)[0m  SELECT  "blogs".* FROM "blogs"  ORDER BY "blogs"."id" ASC LIMIT 1
  [1m[36mComment Load (0.7ms)[0m  [1mSELECT "comments".* FROM "comments" WHERE "comments"."commentable_id" = ? AND "comments"."commentable_type" = ?[0m  [["commentable_id", 1], ["commentable_type", "Blog"]]
  [1m[36mPost Load (4.7ms)[0m  [1mSELECT "posts".* FROM "posts"[0m
  [1m[35mPost Load (1.5ms)[0m  SELECT "posts".* FROM "posts"
  [1m[36mMessage Load (0.9ms)[0m  [1mSELECT "messages".* FROM "messages"[0m
