  [1m[36m (2.6ms)[0m  [1mCREATE TABLE "schema_migrations" ("version" varchar NOT NULL) [0m
  [1m[35m (0.1ms)[0m  select sqlite_version(*)
  [1m[36m (2.3ms)[0m  [1mCREATE UNIQUE INDEX "unique_schema_migrations" ON "schema_migrations" ("version")[0m
  [1m[35mActiveRecord::SchemaMigration Load (0.5ms)[0m  SELECT "schema_migrations".* FROM "schema_migrations"
Migrating to CreatePictures (20200604202714)
  [1m[36m (0.1ms)[0m  [1mbegin transaction[0m
  [1m[35m (4.3ms)[0m  CREATE TABLE "pictures" ("id" INTEGER PRIMARY KEY AUTOINCREMENT NOT NULL, "imageable_id" integer, "imageable_type" varchar, "created_at" datetime NOT NULL, "updated_at" datetime NOT NULL) 
  [1m[36m (0.1ms)[0m  [1mCREATE  INDEX "index_pictures_on_imageable_type_and_imageable_id" ON "pictures" ("imageable_type", "imageable_id")[0m
  [1m[35mSQL (2.4ms)[0m  INSERT INTO "schema_migrations" ("version") VALUES (?)  [["version", "20200604202714"]]
  [1m[36m (1.6ms)[0m  [1mcommit transaction[0m
Migrating to CreateEmployees (20200604202720)
  [1m[35m (0.0ms)[0m  begin transaction
  [1m[36m (1.5ms)[0m  [1mCREATE TABLE "employees" ("id" INTEGER PRIMARY KEY AUTOINCREMENT NOT NULL, "first_name" varchar, "last_name" varchar, "created_at" datetime NOT NULL, "updated_at" datetime NOT NULL) [0m
  [1m[35mSQL (0.3ms)[0m  INSERT INTO "schema_migrations" ("version") VALUES (?)  [["version", "20200604202720"]]
  [1m[36m (1.3ms)[0m  [1mcommit transaction[0m
Migrating to CreateProducts (20200604202724)
  [1m[35m (0.1ms)[0m  begin transaction
  [1m[36m (3.2ms)[0m  [1mCREATE TABLE "products" ("id" INTEGER PRIMARY KEY AUTOINCREMENT NOT NULL, "name" varchar, "created_at" datetime NOT NULL, "updated_at" datetime NOT NULL) [0m
  [1m[35mSQL (0.5ms)[0m  INSERT INTO "schema_migrations" ("version") VALUES (?)  [["version", "20200604202724"]]
  [1m[36m (1.5ms)[0m  [1mcommit transaction[0m
  [1m[35mActiveRecord::SchemaMigration Load (2.7ms)[0m  SELECT "schema_migrations".* FROM "schema_migrations"
  [1m[36m (0.7ms)[0m  [1m            SELECT sql
            FROM sqlite_master
            WHERE name='index_pictures_on_imageable_type_and_imageable_id' AND type='index'
            UNION ALL
            SELECT sql
            FROM sqlite_temp_master
            WHERE name='index_pictures_on_imageable_type_and_imageable_id' AND type='index'
[0m
  [1m[36m (0.0ms)[0m  [1mbegin transaction[0m
  [1m[35mSQL (2.8ms)[0m  INSERT INTO "employees" ("first_name", "last_name", "created_at", "updated_at") VALUES (?, ?, ?, ?)  [["first_name", "John"], ["last_name", "Doe"], ["created_at", "2020-06-04 20:28:17.425003"], ["updated_at", "2020-06-04 20:28:17.425003"]]
  [1m[36m (1.3ms)[0m  [1mcommit transaction[0m
  [1m[35m (0.1ms)[0m  begin transaction
  [1m[36mSQL (3.2ms)[0m  [1mINSERT INTO "employees" ("first_name", "last_name", "created_at", "updated_at") VALUES (?, ?, ?, ?)[0m  [["first_name", "Jane"], ["last_name", "Doe"], ["created_at", "2020-06-04 20:28:21.592208"], ["updated_at", "2020-06-04 20:28:21.592208"]]
  [1m[35m (4.9ms)[0m  commit transaction
  [1m[36m (0.1ms)[0m  [1mbegin transaction[0m
  [1m[35mSQL (1.9ms)[0m  INSERT INTO "products" ("name", "created_at", "updated_at") VALUES (?, ?, ?)  [["name", "Pillow"], ["created_at", "2020-06-04 20:28:25.102468"], ["updated_at", "2020-06-04 20:28:25.102468"]]
  [1m[36m (1.4ms)[0m  [1mcommit transaction[0m
  [1m[35m (0.1ms)[0m  begin transaction
  [1m[36mSQL (2.9ms)[0m  [1mINSERT INTO "products" ("name", "created_at", "updated_at") VALUES (?, ?, ?)[0m  [["name", "Sofa"], ["created_at", "2020-06-04 20:28:27.656829"], ["updated_at", "2020-06-04 20:28:27.656829"]]
  [1m[35m (5.1ms)[0m  commit transaction
  [1m[36m (0.1ms)[0m  [1mbegin transaction[0m
  [1m[35mSQL (4.2ms)[0m  INSERT INTO "pictures" ("imageable_id", "imageable_type", "created_at", "updated_at") VALUES (?, ?, ?, ?)  [["imageable_id", 1], ["imageable_type", "Employee"], ["created_at", "2020-06-04 20:28:31.873464"], ["updated_at", "2020-06-04 20:28:31.873464"]]
  [1m[36m (1.9ms)[0m  [1mcommit transaction[0m
  [1m[35m (0.1ms)[0m  begin transaction
  [1m[36mSQL (1.7ms)[0m  [1mINSERT INTO "pictures" ("imageable_id", "imageable_type", "created_at", "updated_at") VALUES (?, ?, ?, ?)[0m  [["imageable_id", 1], ["imageable_type", "Product"], ["created_at", "2020-06-04 20:28:34.820788"], ["updated_at", "2020-06-04 20:28:34.820788"]]
  [1m[35m (6.3ms)[0m  commit transaction
  [1m[36mEmployee Load (1.7ms)[0m  [1mSELECT  "employees".* FROM "employees"  ORDER BY "employees"."id" ASC LIMIT 1 OFFSET 1[0m
  [1m[35m (0.1ms)[0m  begin transaction
  [1m[36mSQL (1.8ms)[0m  [1mINSERT INTO "pictures" ("imageable_id", "imageable_type", "created_at", "updated_at") VALUES (?, ?, ?, ?)[0m  [["imageable_id", 2], ["imageable_type", "Employee"], ["created_at", "2020-06-04 20:28:38.178837"], ["updated_at", "2020-06-04 20:28:38.178837"]]
  [1m[35m (6.4ms)[0m  commit transaction
  [1m[36mProduct Load (1.7ms)[0m  [1mSELECT  "products".* FROM "products"  ORDER BY "products"."id" ASC LIMIT 1 OFFSET 1[0m
  [1m[35m (0.0ms)[0m  begin transaction
  [1m[36mSQL (2.3ms)[0m  [1mINSERT INTO "pictures" ("imageable_id", "imageable_type", "created_at", "updated_at") VALUES (?, ?, ?, ?)[0m  [["imageable_id", 2], ["imageable_type", "Product"], ["created_at", "2020-06-04 20:28:41.282223"], ["updated_at", "2020-06-04 20:28:41.282223"]]
  [1m[35m (2.0ms)[0m  commit transaction
  [1m[36mEmployee Load (1.6ms)[0m  [1mSELECT  "employees".* FROM "employees"  ORDER BY "employees"."id" ASC LIMIT 1[0m
  [1m[35mEmployee Load (2.6ms)[0m  SELECT  "employees".* FROM "employees"  ORDER BY "employees"."id" ASC LIMIT 1
  [1m[36mEmployee Load (1.3ms)[0m  [1mSELECT  "employees".* FROM "employees"  ORDER BY "employees"."id" ASC LIMIT 1[0m
  [1m[35mEmployee Load (1.9ms)[0m  SELECT "employees".* FROM "employees"
  [1m[36mPicture Load (0.9ms)[0m  [1mSELECT "pictures".* FROM "pictures"[0m
  [1m[35mEmployee Load (0.8ms)[0m  SELECT  "employees".* FROM "employees"  ORDER BY "employees"."id" ASC LIMIT 1
  [1m[36mEmployee Load (0.6ms)[0m  [1mSELECT  "employees".* FROM "employees"  ORDER BY "employees"."id" ASC LIMIT 1[0m
  [1m[35mPicture Load (0.8ms)[0m  SELECT "pictures".* FROM "pictures" WHERE "pictures"."imageable_id" = ? AND "pictures"."imageable_type" = ?  [["imageable_id", 1], ["imageable_type", "Employee"]]
  [1m[36mEmployee Load (1.8ms)[0m  [1mSELECT  "employees".* FROM "employees"  ORDER BY "employees"."id" ASC LIMIT 1 OFFSET 1[0m
  [1m[35mPicture Load (1.0ms)[0m  SELECT "pictures".* FROM "pictures" WHERE "pictures"."imageable_id" = ? AND "pictures"."imageable_type" = ?  [["imageable_id", 2], ["imageable_type", "Employee"]]
  [1m[36mProduct Load (1.9ms)[0m  [1mSELECT  "products".* FROM "products"  ORDER BY "products"."id" ASC LIMIT 1[0m
  [1m[35mPicture Load (0.6ms)[0m  SELECT "pictures".* FROM "pictures" WHERE "pictures"."imageable_id" = ? AND "pictures"."imageable_type" = ?  [["imageable_id", 1], ["imageable_type", "Product"]]
  [1m[36mProduct Load (1.7ms)[0m  [1mSELECT  "products".* FROM "products"  ORDER BY "products"."id" ASC LIMIT 1 OFFSET 1[0m
  [1m[35mPicture Load (0.9ms)[0m  SELECT "pictures".* FROM "pictures" WHERE "pictures"."imageable_id" = ? AND "pictures"."imageable_type" = ?  [["imageable_id", 2], ["imageable_type", "Product"]]
